[2020-05-15 17:36:31] Текст ошибки: Class 'ishop\App' not found | Файл: C:\Programms\OpenServer\OSPanel\domains\omega-interior.loc\app\views\layouts\wrapper.php | Строка: 19
=================
[2020-05-15 17:36:31] Текст ошибки: Страница не найдена | Файл: C:\Programms\OpenServer\OSPanel\domains\omega-interior.loc\vendor\project\core\Router.php | Строка: 39
=================
[2020-05-15 17:36:31] Текст ошибки: Страница не найдена | Файл: C:\Programms\OpenServer\OSPanel\domains\omega-interior.loc\vendor\project\core\Router.php | Строка: 39
=================
[2020-05-15 17:36:31] Текст ошибки: Страница не найдена | Файл: C:\Programms\OpenServer\OSPanel\domains\omega-interior.loc\vendor\project\core\Router.php | Строка: 39
=================
[2020-05-15 17:36:31] Текст ошибки: Страница не найдена | Файл: C:\Programms\OpenServer\OSPanel\domains\omega-interior.loc\vendor\project\core\Router.php | Строка: 39
=================
[2020-05-15 17:36:31] Текст ошибки: Страница не найдена | Файл: C:\Programms\OpenServer\OSPanel\domains\omega-interior.loc\vendor\project\core\Router.php | Строка: 39
=================
[2020-05-15 17:36:31] Текст ошибки: Страница не найдена | Файл: C:\Programms\OpenServer\OSPanel\domains\omega-interior.loc\vendor\project\core\Router.php | Строка: 39
=================
[2020-05-15 17:36:31] Текст ошибки: Страница не найдена | Файл: C:\Programms\OpenServer\OSPanel\domains\omega-interior.loc\vendor\project\core\Router.php | Строка: 39
=================
[2020-05-15 17:38:10] Текст ошибки: Class 'ishop\App' not found | Файл: C:\Programms\OpenServer\OSPanel\domains\omega-interior.loc\app\views\layouts\wrapper.php | Строка: 19
=================
[2020-05-15 17:38:11] Текст ошибки: Страница не найдена | Файл: C:\Programms\OpenServer\OSPanel\domains\omega-interior.loc\vendor\project\core\Router.php | Строка: 39
=================
[2020-05-15 17:38:11] Текст ошибки: Страница не найдена | Файл: C:\Programms\OpenServer\OSPanel\domains\omega-interior.loc\vendor\project\core\Router.php | Строка: 39
=================
[2020-05-15 17:38:11] Текст ошибки: Страница не найдена | Файл: C:\Programms\OpenServer\OSPanel\domains\omega-interior.loc\vendor\project\core\Router.php | Строка: 39
=================
[2020-05-15 17:38:11] Текст ошибки: Страница не найдена | Файл: C:\Programms\OpenServer\OSPanel\domains\omega-interior.loc\vendor\project\core\Router.php | Строка: 39
=================
[2020-05-15 17:38:11] Текст ошибки: Страница не найдена | Файл: C:\Programms\OpenServer\OSPanel\domains\omega-interior.loc\vendor\project\core\Router.php | Строка: 39
=================
[2020-05-15 17:38:11] Текст ошибки: Страница не найдена | Файл: C:\Programms\OpenServer\OSPanel\domains\omega-interior.loc\vendor\project\core\Router.php | Строка: 39
=================
[2020-05-15 17:38:11] Текст ошибки: Страница не найдена | Файл: C:\Programms\OpenServer\OSPanel\domains\omega-interior.loc\vendor\project\core\Router.php | Строка: 39
=================
[2020-05-15 17:38:11] Текст ошибки: Страница не найдена | Файл: C:\Programms\OpenServer\OSPanel\domains\omega-interior.loc\vendor\project\core\Router.php | Строка: 39
=================
[2020-05-15 17:38:54] Текст ошибки: Class 'ishop\App' not found | Файл: C:\Programms\OpenServer\OSPanel\domains\omega-interior.loc\app\views\layouts\wrapper.php | Строка: 19
=================
[2020-05-15 17:38:54] Текст ошибки: Страница не найдена | Файл: C:\Programms\OpenServer\OSPanel\domains\omega-interior.loc\vendor\project\core\Router.php | Строка: 39
=================
[2020-05-15 17:38:54] Текст ошибки: Страница не найдена | Файл: C:\Programms\OpenServer\OSPanel\domains\omega-interior.loc\vendor\project\core\Router.php | Строка: 39
=================
[2020-05-15 17:38:54] Текст ошибки: Страница не найдена | Файл: C:\Programms\OpenServer\OSPanel\domains\omega-interior.loc\vendor\project\core\Router.php | Строка: 39
=================
[2020-05-15 17:38:54] Текст ошибки: Страница не найдена | Файл: C:\Programms\OpenServer\OSPanel\domains\omega-interior.loc\vendor\project\core\Router.php | Строка: 39
=================
[2020-05-15 17:38:54] Текст ошибки: Страница не найдена | Файл: C:\Programms\OpenServer\OSPanel\domains\omega-interior.loc\vendor\project\core\Router.php | Строка: 39
=================
[2020-05-15 17:40:01] Текст ошибки: Class 'ishop\App' not found | Файл: C:\Programms\OpenServer\OSPanel\domains\omega-interior.loc\app\views\layouts\wrapper.php | Строка: 19
=================
[2020-05-15 17:40:01] Текст ошибки: Страница не найдена | Файл: C:\Programms\OpenServer\OSPanel\domains\omega-interior.loc\vendor\project\core\Router.php | Строка: 39
=================
[2020-05-15 17:40:01] Текст ошибки: Страница не найдена | Файл: C:\Programms\OpenServer\OSPanel\domains\omega-interior.loc\vendor\project\core\Router.php | Строка: 39
=================
[2020-05-15 17:40:01] Текст ошибки: Страница не найдена | Файл: C:\Programms\OpenServer\OSPanel\domains\omega-interior.loc\vendor\project\core\Router.php | Строка: 39
=================
[2020-05-15 17:40:01] Текст ошибки: Страница не найдена | Файл: C:\Programms\OpenServer\OSPanel\domains\omega-interior.loc\vendor\project\core\Router.php | Строка: 39
=================
[2020-05-15 17:40:01] Текст ошибки: Страница не найдена | Файл: C:\Programms\OpenServer\OSPanel\domains\omega-interior.loc\vendor\project\core\Router.php | Строка: 39
=================
[2020-05-15 17:40:48] Текст ошибки: Страница не найдена | Файл: C:\Programms\OpenServer\OSPanel\domains\omega-interior.loc\vendor\project\core\Router.php | Строка: 39
=================
[2020-05-15 17:40:48] Текст ошибки: Страница не найдена | Файл: C:\Programms\OpenServer\OSPanel\domains\omega-interior.loc\vendor\project\core\Router.php | Строка: 39
=================
[2020-05-15 17:40:48] Текст ошибки: Страница не найдена | Файл: C:\Programms\OpenServer\OSPanel\domains\omega-interior.loc\vendor\project\core\Router.php | Строка: 39
=================
[2020-05-15 17:40:48] Текст ошибки: Страница не найдена | Файл: C:\Programms\OpenServer\OSPanel\domains\omega-interior.loc\vendor\project\core\Router.php | Строка: 39
=================
[2020-05-15 17:40:48] Текст ошибки: Страница не найдена | Файл: C:\Programms\OpenServer\OSPanel\domains\omega-interior.loc\vendor\project\core\Router.php | Строка: 39
=================
[2020-05-15 17:40:48] Текст ошибки: Страница не найдена | Файл: C:\Programms\OpenServer\OSPanel\domains\omega-interior.loc\vendor\project\core\Router.php | Строка: 39
=================
[2020-05-15 17:40:48] Текст ошибки: Страница не найдена | Файл: C:\Programms\OpenServer\OSPanel\domains\omega-interior.loc\vendor\project\core\Router.php | Строка: 39
=================
[2020-05-15 17:40:48] Текст ошибки: Страница не найдена | Файл: C:\Programms\OpenServer\OSPanel\domains\omega-interior.loc\vendor\project\core\Router.php | Строка: 39
=================
[2020-05-15 17:40:48] Текст ошибки: Страница не найдена | Файл: C:\Programms\OpenServer\OSPanel\domains\omega-interior.loc\vendor\project\core\Router.php | Строка: 39
=================
[2020-05-15 17:40:48] Текст ошибки: Страница не найдена | Файл: C:\Programms\OpenServer\OSPanel\domains\omega-interior.loc\vendor\project\core\Router.php | Строка: 39
=================
[2020-05-15 17:40:48] Текст ошибки: Страница не найдена | Файл: C:\Programms\OpenServer\OSPanel\domains\omega-interior.loc\vendor\project\core\Router.php | Строка: 39
=================
[2020-05-15 18:42:49] Текст ошибки: Страница не найдена | Файл: C:\Programms\OpenServer\OSPanel\domains\omega-interior.loc\vendor\project\core\Router.php | Строка: 39
=================
[2020-05-15 18:46:21] Текст ошибки: Страница не найдена | Файл: C:\Programms\OpenServer\OSPanel\domains\omega-interior.loc\vendor\project\core\Router.php | Строка: 39
=================
[2020-05-15 19:06:56] Текст ошибки: Контроллер app\controllers\ServiceController не найден | Файл: C:\Programms\OpenServer\OSPanel\domains\omega-interior.loc\vendor\project\core\Router.php | Строка: 36
=================
[2020-05-15 19:10:56] Текст ошибки: Контроллер app\controllers\ServiceController не найден | Файл: C:\Programms\OpenServer\OSPanel\domains\omega-interior.loc\vendor\project\core\Router.php | Строка: 36
=================
[2020-05-15 19:11:58] Текст ошибки: Контроллер app\controllers\ImgController не найден | Файл: C:\Programms\OpenServer\OSPanel\domains\omega-interior.loc\vendor\project\core\Router.php | Строка: 36
=================
[2020-05-15 19:11:58] Текст ошибки: Контроллер app\controllers\ImgController не найден | Файл: C:\Programms\OpenServer\OSPanel\domains\omega-interior.loc\vendor\project\core\Router.php | Строка: 36
=================
[2020-05-15 19:11:58] Текст ошибки: Контроллер app\controllers\ImgController не найден | Файл: C:\Programms\OpenServer\OSPanel\domains\omega-interior.loc\vendor\project\core\Router.php | Строка: 36
=================
[2020-05-15 19:11:58] Текст ошибки: Контроллер app\controllers\ImgController не найден | Файл: C:\Programms\OpenServer\OSPanel\domains\omega-interior.loc\vendor\project\core\Router.php | Строка: 36
=================
[2020-05-15 19:12:17] Текст ошибки: Страница не найдена | Файл: C:\Programms\OpenServer\OSPanel\domains\omega-interior.loc\vendor\project\core\Router.php | Строка: 39
=================
[2020-05-15 19:12:17] Текст ошибки: Страница не найдена | Файл: C:\Programms\OpenServer\OSPanel\domains\omega-interior.loc\vendor\project\core\Router.php | Строка: 39
=================
[2020-05-15 19:12:17] Текст ошибки: Страница не найдена | Файл: C:\Programms\OpenServer\OSPanel\domains\omega-interior.loc\vendor\project\core\Router.php | Строка: 39
=================
[2020-05-15 20:04:10] Текст ошибки: Страница не найдена | Файл: C:\Programms\OpenServer\OSPanel\domains\omega-interior.loc\vendor\project\core\Router.php | Строка: 39
=================
[2020-05-15 20:04:10] Текст ошибки: Страница не найдена | Файл: C:\Programms\OpenServer\OSPanel\domains\omega-interior.loc\vendor\project\core\Router.php | Строка: 39
=================
[2020-05-15 20:04:10] Текст ошибки: Страница не найдена | Файл: C:\Programms\OpenServer\OSPanel\domains\omega-interior.loc\vendor\project\core\Router.php | Строка: 39
=================
[2020-05-15 20:04:10] Текст ошибки: Страница не найдена | Файл: C:\Programms\OpenServer\OSPanel\domains\omega-interior.loc\vendor\project\core\Router.php | Строка: 39
=================
[2020-05-15 20:04:10] Текст ошибки: Страница не найдена | Файл: C:\Programms\OpenServer\OSPanel\domains\omega-interior.loc\vendor\project\core\Router.php | Строка: 39
=================
[2020-05-15 20:04:10] Текст ошибки: Страница не найдена | Файл: C:\Programms\OpenServer\OSPanel\domains\omega-interior.loc\vendor\project\core\Router.php | Строка: 39
=================
[2020-05-15 20:04:21] Текст ошибки: Страница не найдена | Файл: C:\Programms\OpenServer\OSPanel\domains\omega-interior.loc\vendor\project\core\Router.php | Строка: 39
=================
[2020-05-15 20:04:21] Текст ошибки: Страница не найдена | Файл: C:\Programms\OpenServer\OSPanel\domains\omega-interior.loc\vendor\project\core\Router.php | Строка: 39
=================
[2020-05-15 20:04:21] Текст ошибки: Страница не найдена | Файл: C:\Programms\OpenServer\OSPanel\domains\omega-interior.loc\vendor\project\core\Router.php | Строка: 39
=================
[2020-05-15 20:04:21] Текст ошибки: Страница не найдена | Файл: C:\Programms\OpenServer\OSPanel\domains\omega-interior.loc\vendor\project\core\Router.php | Строка: 39
=================
[2020-05-15 20:04:21] Текст ошибки: Страница не найдена | Файл: C:\Programms\OpenServer\OSPanel\domains\omega-interior.loc\vendor\project\core\Router.php | Строка: 39
=================
[2020-05-15 20:04:21] Текст ошибки: Страница не найдена | Файл: C:\Programms\OpenServer\OSPanel\domains\omega-interior.loc\vendor\project\core\Router.php | Строка: 39
=================
[2020-05-15 20:14:37] Текст ошибки: Страница не найдена | Файл: C:\Programms\OpenServer\OSPanel\domains\omega-interior.loc\vendor\project\core\Router.php | Строка: 39
=================
[2020-05-15 20:14:37] Текст ошибки: Страница не найдена | Файл: C:\Programms\OpenServer\OSPanel\domains\omega-interior.loc\vendor\project\core\Router.php | Строка: 39
=================
[2020-05-15 20:14:37] Текст ошибки: Страница не найдена | Файл: C:\Programms\OpenServer\OSPanel\domains\omega-interior.loc\vendor\project\core\Router.php | Строка: 39
=================
[2020-05-15 20:14:37] Текст ошибки: Страница не найдена | Файл: C:\Programms\OpenServer\OSPanel\domains\omega-interior.loc\vendor\project\core\Router.php | Строка: 39
=================
[2020-05-15 20:14:37] Текст ошибки: Страница не найдена | Файл: C:\Programms\OpenServer\OSPanel\domains\omega-interior.loc\vendor\project\core\Router.php | Строка: 39
=================
[2020-05-15 20:16:32] Текст ошибки: Страница не найдена | Файл: C:\Programms\OpenServer\OSPanel\domains\omega-interior.loc\vendor\project\core\Router.php | Строка: 39
=================
[2020-05-15 20:16:32] Текст ошибки: Страница не найдена | Файл: C:\Programms\OpenServer\OSPanel\domains\omega-interior.loc\vendor\project\core\Router.php | Строка: 39
=================
[2020-05-15 20:16:32] Текст ошибки: Страница не найдена | Файл: C:\Programms\OpenServer\OSPanel\domains\omega-interior.loc\vendor\project\core\Router.php | Строка: 39
=================
[2020-05-15 20:16:32] Текст ошибки: Страница не найдена | Файл: C:\Programms\OpenServer\OSPanel\domains\omega-interior.loc\vendor\project\core\Router.php | Строка: 39
=================
[2020-05-15 20:17:51] Текст ошибки: Страница не найдена | Файл: C:\Programms\OpenServer\OSPanel\domains\omega-interior.loc\vendor\project\core\Router.php | Строка: 39
=================
[2020-05-15 20:17:51] Текст ошибки: Страница не найдена | Файл: C:\Programms\OpenServer\OSPanel\domains\omega-interior.loc\vendor\project\core\Router.php | Строка: 39
=================
[2020-05-15 20:17:51] Текст ошибки: Страница не найдена | Файл: C:\Programms\OpenServer\OSPanel\domains\omega-interior.loc\vendor\project\core\Router.php | Строка: 39
=================
[2020-05-15 20:22:25] Текст ошибки: Страница не найдена | Файл: C:\Programms\OpenServer\OSPanel\domains\omega-interior.loc\vendor\project\core\Router.php | Строка: 39
=================
[2020-05-15 20:22:25] Текст ошибки: Страница не найдена | Файл: C:\Programms\OpenServer\OSPanel\domains\omega-interior.loc\vendor\project\core\Router.php | Строка: 39
=================
[2020-05-15 20:23:27] Текст ошибки: Страница не найдена | Файл: C:\Programms\OpenServer\OSPanel\domains\omega-interior.loc\vendor\project\core\Router.php | Строка: 39
=================
[2020-05-15 20:23:27] Текст ошибки: Страница не найдена | Файл: C:\Programms\OpenServer\OSPanel\domains\omega-interior.loc\vendor\project\core\Router.php | Строка: 39
=================
[2020-05-15 20:27:21] Текст ошибки: Контроллер app\controllers\ImgController не найден | Файл: C:\Programms\OpenServer\OSPanel\domains\omega-interior.loc\vendor\project\core\Router.php | Строка: 36
=================
[2020-05-15 20:38:36] Текст ошибки: Контроллер app\controllers\ProductController не найден | Файл: C:\Programms\OpenServer\OSPanel\domains\omega-interior.loc\vendor\project\core\Router.php | Строка: 36
=================
[2020-05-15 20:38:46] Текст ошибки: На найден вид C:\Programms\OpenServer\OSPanel\domains\omega-interior.loc/app/views/Service/index.php | Файл: C:\Programms\OpenServer\OSPanel\domains\omega-interior.loc\vendor\project\core\base\View.php | Строка: 39
=================
[2020-05-15 20:39:57] Текст ошибки: На найден вид C:\Programms\OpenServer\OSPanel\domains\omega-interior.loc/app/views/Service/index.php | Файл: C:\Programms\OpenServer\OSPanel\domains\omega-interior.loc\vendor\project\core\base\View.php | Строка: 39
=================
[2020-05-15 20:45:16] Текст ошибки: На найден вид C:\Programms\OpenServer\OSPanel\domains\omega-interior.loc/app/views/Service/view.php | Файл: C:\Programms\OpenServer\OSPanel\domains\omega-interior.loc\vendor\project\core\base\View.php | Строка: 39
=================
[2020-05-15 20:55:31] Текст ошибки: Страница не найдена | Файл: C:\Programms\OpenServer\OSPanel\domains\omega-interior.loc\app\controllers\ServiceController.php | Строка: 28
=================
[2020-05-15 20:56:38] Текст ошибки: Страница не найдена | Файл: C:\Programms\OpenServer\OSPanel\domains\omega-interior.loc\app\controllers\ServiceController.php | Строка: 28
=================
[2020-05-15 20:57:04] Текст ошибки: Метод app\controllers\ProductController::viewAction не найден | Файл: C:\Programms\OpenServer\OSPanel\domains\omega-interior.loc\vendor\project\core\Router.php | Строка: 33
=================
[2020-05-15 20:59:01] Текст ошибки: Страница не найдена | Файл: C:\Programms\OpenServer\OSPanel\domains\omega-interior.loc\app\controllers\ProductController.php | Строка: 27
=================
[2020-05-15 20:59:07] Текст ошибки: Страница не найдена | Файл: C:\Programms\OpenServer\OSPanel\domains\omega-interior.loc\app\controllers\ProductController.php | Строка: 27
=================
[2020-05-15 20:59:49] Текст ошибки: SQLSTATE[42S02]: Base table or view not found: 1146 Table 'omega_int.product' doesn't exist | Файл: C:\Programms\OpenServer\OSPanel\domains\omega-interior.loc\vendor\gabordemooij\redbean\RedBeanPHP\Driver\RPDO.php | Строка: 194
=================
[2020-05-15 20:59:53] Текст ошибки: SQLSTATE[42S02]: Base table or view not found: 1146 Table 'omega_int.product' doesn't exist | Файл: C:\Programms\OpenServer\OSPanel\domains\omega-interior.loc\vendor\gabordemooij\redbean\RedBeanPHP\Driver\RPDO.php | Строка: 194
=================
[2020-05-15 21:03:10] Текст ошибки: Страница не найдена | Файл: C:\Programms\OpenServer\OSPanel\domains\omega-interior.loc\app\controllers\ServiceController.php | Строка: 27
=================
[2020-05-15 21:41:27] Текст ошибки: Страница не найдена | Файл: C:\Programms\OpenServer\OSPanel\domains\omega-interior.loc\app\controllers\ServiceController.php | Строка: 27
=================
[2020-05-15 23:41:25] Текст ошибки: Страница не найдена | Файл: C:\Programms\OpenServer\OSPanel\domains\omega-interior.loc\vendor\project\core\Router.php | Строка: 39
=================
[2020-05-16 14:35:24] Текст ошибки: Страница не найдена | Файл: C:\Programms\OpenServer\OSPanel\domains\omega-interior.loc\vendor\project\core\Router.php | Строка: 39
=================
[2020-05-16 14:36:42] Текст ошибки: Страница не найдена | Файл: C:\Programms\OpenServer\OSPanel\domains\omega-interior.loc\vendor\project\core\Router.php | Строка: 39
=================
[2020-05-16 14:50:05] Текст ошибки: Страница не найдена | Файл: C:\Programms\OpenServer\OSPanel\domains\omega-interior.loc\vendor\project\core\Router.php | Строка: 39
=================
[2020-05-16 15:21:21] Текст ошибки: Страница не найдена | Файл: C:\Programms\OpenServer\OSPanel\domains\omega-interior.loc\vendor\project\core\Router.php | Строка: 39
=================
[2020-05-16 15:58:58] Текст ошибки: SQLSTATE[HY093]: Invalid parameter number: no parameters were bound | Файл: C:\Programms\OpenServer\OSPanel\domains\omega-interior.loc\vendor\gabordemooij\redbean\RedBeanPHP\Driver\RPDO.php | Строка: 194
=================
[2020-05-16 15:59:09] Текст ошибки: SQLSTATE[HY093]: Invalid parameter number: no parameters were bound | Файл: C:\Programms\OpenServer\OSPanel\domains\omega-interior.loc\vendor\gabordemooij\redbean\RedBeanPHP\Driver\RPDO.php | Строка: 194
=================
[2020-05-16 15:59:24] Текст ошибки: SQLSTATE[HY093]: Invalid parameter number: no parameters were bound | Файл: C:\Programms\OpenServer\OSPanel\domains\omega-interior.loc\vendor\gabordemooij\redbean\RedBeanPHP\Driver\RPDO.php | Строка: 194
=================
[2020-05-16 15:59:28] Текст ошибки: SQLSTATE[HY093]: Invalid parameter number: no parameters were bound | Файл: C:\Programms\OpenServer\OSPanel\domains\omega-interior.loc\vendor\gabordemooij\redbean\RedBeanPHP\Driver\RPDO.php | Строка: 194
=================
[2020-05-16 15:59:31] Текст ошибки: SQLSTATE[HY093]: Invalid parameter number: no parameters were bound | Файл: C:\Programms\OpenServer\OSPanel\domains\omega-interior.loc\vendor\gabordemooij\redbean\RedBeanPHP\Driver\RPDO.php | Строка: 194
=================
[2020-05-16 16:03:08] Текст ошибки: Страница не найдена | Файл: C:\Programms\OpenServer\OSPanel\domains\omega-interior.loc\vendor\project\core\Router.php | Строка: 39
=================
[2020-05-16 16:03:29] Текст ошибки: Страница не найдена | Файл: C:\Programms\OpenServer\OSPanel\domains\omega-interior.loc\vendor\project\core\Router.php | Строка: 39
=================
[2020-05-16 16:03:45] Текст ошибки: Страница не найдена | Файл: C:\Programms\OpenServer\OSPanel\domains\omega-interior.loc\vendor\project\core\Router.php | Строка: 39
=================
[2020-05-16 16:03:54] Текст ошибки: Страница не найдена | Файл: C:\Programms\OpenServer\OSPanel\domains\omega-interior.loc\vendor\project\core\Router.php | Строка: 39
=================
[2020-05-16 16:04:20] Текст ошибки: Страница не найдена | Файл: C:\Programms\OpenServer\OSPanel\domains\omega-interior.loc\vendor\project\core\Router.php | Строка: 39
=================
[2020-05-16 16:04:34] Текст ошибки: Страница не найдена | Файл: C:\Programms\OpenServer\OSPanel\domains\omega-interior.loc\vendor\project\core\Router.php | Строка: 39
=================
[2020-05-16 16:04:43] Текст ошибки: Страница не найдена | Файл: C:\Programms\OpenServer\OSPanel\domains\omega-interior.loc\vendor\project\core\Router.php | Строка: 39
=================
[2020-05-16 16:14:21] Текст ошибки: SQLSTATE[42S02]: Base table or view not found: 1146 Table 'omega_int.gallery_product' doesn't exist | Файл: C:\Programms\OpenServer\OSPanel\domains\omega-interior.loc\vendor\gabordemooij\redbean\RedBeanPHP\Driver\RPDO.php | Строка: 194
=================
[2020-05-16 16:14:28] Текст ошибки: SQLSTATE[42S02]: Base table or view not found: 1146 Table 'omega_int.gallery_product' doesn't exist | Файл: C:\Programms\OpenServer\OSPanel\domains\omega-interior.loc\vendor\gabordemooij\redbean\RedBeanPHP\Driver\RPDO.php | Строка: 194
=================
[2020-05-16 16:16:06] Текст ошибки: SQLSTATE[42S02]: Base table or view not found: 1146 Table 'omega_int.gallery_product' doesn't exist | Файл: C:\Programms\OpenServer\OSPanel\domains\omega-interior.loc\vendor\gabordemooij\redbean\RedBeanPHP\Driver\RPDO.php | Строка: 194
=================
[2020-05-16 16:16:26] Текст ошибки: SQLSTATE[42S02]: Base table or view not found: 1146 Table 'omega_int.gallery_product' doesn't exist | Файл: C:\Programms\OpenServer\OSPanel\domains\omega-interior.loc\vendor\gabordemooij\redbean\RedBeanPHP\Driver\RPDO.php | Строка: 194
=================
[2020-05-16 16:17:24] Текст ошибки: Метод app\controllers\JalousieController::indexAction не найден | Файл: C:\Programms\OpenServer\OSPanel\domains\omega-interior.loc\vendor\project\core\Router.php | Строка: 33
=================
[2020-05-16 16:17:45] Текст ошибки: syntax error, unexpected '{', expecting '(' | Файл: C:\Programms\OpenServer\OSPanel\domains\omega-interior.loc\app\controllers\JalousieController.php | Строка: 9
=================
[2020-05-16 16:18:37] Текст ошибки: Контроллер app\controllers\DoorsOakController не найден | Файл: C:\Programms\OpenServer\OSPanel\domains\omega-interior.loc\vendor\project\core\Router.php | Строка: 36
=================
[2020-05-16 16:22:14] Текст ошибки: Контроллер app\controllers\DoorsController не найден | Файл: C:\Programms\OpenServer\OSPanel\domains\omega-interior.loc\vendor\project\core\Router.php | Строка: 36
=================
[2020-05-16 16:30:00] Текст ошибки: Метод app\controllers\DoorsOakController::indexAction не найден | Файл: C:\Programms\OpenServer\OSPanel\domains\omega-interior.loc\vendor\project\core\Router.php | Строка: 33
=================
[2020-05-16 17:19:33] Текст ошибки: Страница не найдена | Файл: C:\Programms\OpenServer\OSPanel\domains\omega-interior.loc\app\controllers\DoorsOakController.php | Строка: 26
=================
[2020-05-16 17:25:41] Текст ошибки: Метод app\controllers\DoorsPineController::indexAction не найден | Файл: C:\Programms\OpenServer\OSPanel\domains\omega-interior.loc\vendor\project\core\Router.php | Строка: 33
=================
[2020-05-16 17:28:24] Текст ошибки: Метод app\controllers\ProductController::jalousieAction не найден | Файл: C:\Programms\OpenServer\OSPanel\domains\omega-interior.loc\vendor\project\core\Router.php | Строка: 33
=================
[2020-05-16 18:00:50] Текст ошибки: Страница не найдена | Файл: C:\Programms\OpenServer\OSPanel\domains\omega-interior.loc\vendor\project\core\Router.php | Строка: 39
=================
[2020-05-16 19:22:56] Текст ошибки: Метод app\controllers\ProductController::doorsOakAction не найден | Файл: C:\Programms\OpenServer\OSPanel\domains\omega-interior.loc\vendor\project\core\Router.php | Строка: 33
=================
[2020-05-16 19:23:41] Текст ошибки: Метод app\controllers\ProductController::doorsOakAction не найден | Файл: C:\Programms\OpenServer\OSPanel\domains\omega-interior.loc\vendor\project\core\Router.php | Строка: 33
=================
[2020-05-16 19:25:00] Текст ошибки: Метод app\controllers\ProductController::paintingCountertopAction не найден | Файл: C:\Programms\OpenServer\OSPanel\domains\omega-interior.loc\vendor\project\core\Router.php | Строка: 33
=================
[2020-05-16 19:25:05] Текст ошибки: Метод app\controllers\ProductController::paintingCountertopAction не найден | Файл: C:\Programms\OpenServer\OSPanel\domains\omega-interior.loc\vendor\project\core\Router.php | Строка: 33
=================
[2020-05-16 19:25:25] Текст ошибки: Метод app\controllers\ProductController::paintingMdfAction не найден | Файл: C:\Programms\OpenServer\OSPanel\domains\omega-interior.loc\vendor\project\core\Router.php | Строка: 33
=================
[2020-05-16 21:03:50] Текст ошибки: Страница не найдена | Файл: C:\Programms\OpenServer\OSPanel\domains\omega-interior.loc\vendor\project\core\Router.php | Строка: 39
=================
[2020-05-16 21:05:06] Текст ошибки: Страница не найдена | Файл: C:\Programms\OpenServer\OSPanel\domains\omega-interior.loc\vendor\project\core\Router.php | Строка: 39
=================
[2020-05-16 21:25:46] Текст ошибки: Страница не найдена | Файл: C:\Programms\OpenServer\OSPanel\domains\omega-interior.loc\app\controllers\DoorsOakController.php | Строка: 26
=================
[2020-05-16 21:25:51] Текст ошибки: Страница не найдена | Файл: C:\Programms\OpenServer\OSPanel\domains\omega-interior.loc\app\controllers\DoorsOakController.php | Строка: 26
=================
[2020-05-16 23:50:04] Текст ошибки: Страница не найдена | Файл: C:\Programms\OpenServer\OSPanel\domains\omega-interior.loc\vendor\project\core\Router.php | Строка: 39
=================
[2020-05-16 23:55:26] Текст ошибки: Страница не найдена | Файл: C:\Programms\OpenServer\OSPanel\domains\omega-interior.loc\vendor\project\core\Router.php | Строка: 39
=================
[2020-05-16 23:56:16] Текст ошибки: Страница не найдена | Файл: C:\Programms\OpenServer\OSPanel\domains\omega-interior.loc\vendor\project\core\Router.php | Строка: 39
=================
[2020-05-17 00:04:52] Текст ошибки: Страница не найдена | Файл: C:\Programms\OpenServer\OSPanel\domains\omega-interior.loc\vendor\project\core\Router.php | Строка: 39
=================
[2020-05-17 00:05:32] Текст ошибки: Страница не найдена | Файл: C:\Programms\OpenServer\OSPanel\domains\omega-interior.loc\vendor\project\core\Router.php | Строка: 39
=================
[2020-05-17 00:07:11] Текст ошибки: Страница не найдена | Файл: C:\Programms\OpenServer\OSPanel\domains\omega-interior.loc\vendor\project\core\Router.php | Строка: 39
=================
[2020-05-17 00:07:14] Текст ошибки: Страница не найдена | Файл: C:\Programms\OpenServer\OSPanel\domains\omega-interior.loc\vendor\project\core\Router.php | Строка: 39
=================
[2020-05-17 00:07:49] Текст ошибки: Страница не найдена | Файл: C:\Programms\OpenServer\OSPanel\domains\omega-interior.loc\vendor\project\core\Router.php | Строка: 39
=================
[2020-05-17 00:08:47] Текст ошибки: Страница не найдена | Файл: C:\Programms\OpenServer\OSPanel\domains\omega-interior.loc\vendor\project\core\Router.php | Строка: 39
=================
[2020-05-17 00:08:51] Текст ошибки: Страница не найдена | Файл: C:\Programms\OpenServer\OSPanel\domains\omega-interior.loc\vendor\project\core\Router.php | Строка: 39
=================
[2020-05-17 00:09:07] Текст ошибки: Страница не найдена | Файл: C:\Programms\OpenServer\OSPanel\domains\omega-interior.loc\vendor\project\core\Router.php | Строка: 39
=================
[2020-05-17 00:09:14] Текст ошибки: Страница не найдена | Файл: C:\Programms\OpenServer\OSPanel\domains\omega-interior.loc\vendor\project\core\Router.php | Строка: 39
=================
[2020-05-17 00:09:16] Текст ошибки: Страница не найдена | Файл: C:\Programms\OpenServer\OSPanel\domains\omega-interior.loc\vendor\project\core\Router.php | Строка: 39
=================
[2020-05-17 00:09:17] Текст ошибки: Страница не найдена | Файл: C:\Programms\OpenServer\OSPanel\domains\omega-interior.loc\vendor\project\core\Router.php | Строка: 39
=================
[2020-05-17 13:31:00] Текст ошибки: Страница не найдена | Файл: C:\Programms\OpenServer\OSPanel\domains\omega-interior.loc\vendor\project\core\Router.php | Строка: 39
=================
[2020-05-17 13:31:08] Текст ошибки: Страница не найдена | Файл: C:\Programms\OpenServer\OSPanel\domains\omega-interior.loc\vendor\project\core\Router.php | Строка: 39
=================
[2020-05-17 13:31:40] Текст ошибки: Страница не найдена | Файл: C:\Programms\OpenServer\OSPanel\domains\omega-interior.loc\vendor\project\core\Router.php | Строка: 39
=================
[2020-05-17 13:31:42] Текст ошибки: Страница не найдена | Файл: C:\Programms\OpenServer\OSPanel\domains\omega-interior.loc\vendor\project\core\Router.php | Строка: 39
=================
[2020-05-17 13:31:44] Текст ошибки: Страница не найдена | Файл: C:\Programms\OpenServer\OSPanel\domains\omega-interior.loc\vendor\project\core\Router.php | Строка: 39
=================
[2020-05-17 13:32:00] Текст ошибки: Страница не найдена | Файл: C:\Programms\OpenServer\OSPanel\domains\omega-interior.loc\vendor\project\core\Router.php | Строка: 39
=================
[2020-05-17 13:32:09] Текст ошибки: Страница не найдена | Файл: C:\Programms\OpenServer\OSPanel\domains\omega-interior.loc\vendor\project\core\Router.php | Строка: 39
=================
[2020-05-17 14:07:09] Текст ошибки: Страница не найдена | Файл: C:\Programms\OpenServer\OSPanel\domains\omega-interior.loc\vendor\project\core\Router.php | Строка: 39
=================
[2020-05-17 14:07:14] Текст ошибки: Страница не найдена | Файл: C:\Programms\OpenServer\OSPanel\domains\omega-interior.loc\vendor\project\core\Router.php | Строка: 39
=================
[2020-05-17 14:07:15] Текст ошибки: Страница не найдена | Файл: C:\Programms\OpenServer\OSPanel\domains\omega-interior.loc\vendor\project\core\Router.php | Строка: 39
=================
[2020-05-17 14:07:17] Текст ошибки: Страница не найдена | Файл: C:\Programms\OpenServer\OSPanel\domains\omega-interior.loc\vendor\project\core\Router.php | Строка: 39
=================
[2020-05-17 14:07:33] Текст ошибки: Страница не найдена | Файл: C:\Programms\OpenServer\OSPanel\domains\omega-interior.loc\vendor\project\core\Router.php | Строка: 39
=================
[2020-05-17 16:15:36] Текст ошибки: Invalid type: request_count | Файл: C:\Programms\OpenServer\OSPanel\domains\omega-interior.loc\vendor\gabordemooij\redbean\RedBeanPHP\Util\DispenseHelper.php | Строка: 77
=================
[2020-05-17 16:16:28] Текст ошибки: Invalid type: request_count | Файл: C:\Programms\OpenServer\OSPanel\domains\omega-interior.loc\vendor\gabordemooij\redbean\RedBeanPHP\Util\DispenseHelper.php | Строка: 77
=================
[2020-05-17 16:22:43] Текст ошибки: Invalid type: request_count | Файл: C:\Programms\OpenServer\OSPanel\domains\omega-interior.loc\vendor\gabordemooij\redbean\RedBeanPHP\Util\DispenseHelper.php | Строка: 77
=================
[2020-05-17 17:11:14] Текст ошибки: Invalid type: requestсount | Файл: C:\Programms\OpenServer\OSPanel\domains\omega-interior.loc\vendor\gabordemooij\redbean\RedBeanPHP\Util\DispenseHelper.php | Строка: 77
=================
[2020-05-17 17:12:19] Текст ошибки: Invalid type: requestсount | Файл: C:\Programms\OpenServer\OSPanel\domains\omega-interior.loc\vendor\gabordemooij\redbean\RedBeanPHP\Util\DispenseHelper.php | Строка: 77
=================
[2020-05-17 17:14:52] Текст ошибки: Invalid type: request_short | Файл: C:\Programms\OpenServer\OSPanel\domains\omega-interior.loc\vendor\gabordemooij\redbean\RedBeanPHP\Util\DispenseHelper.php | Строка: 77
=================
[2020-05-17 17:19:55] Текст ошибки: Invalid type: request_short | Файл: C:\Programms\OpenServer\OSPanel\domains\omega-interior.loc\vendor\gabordemooij\redbean\RedBeanPHP\Util\DispenseHelper.php | Строка: 77
=================
[2020-05-17 17:20:50] Текст ошибки: Invalid type: request_short | Файл: C:\Programms\OpenServer\OSPanel\domains\omega-interior.loc\vendor\gabordemooij\redbean\RedBeanPHP\Util\DispenseHelper.php | Строка: 77
=================
[2020-05-17 17:22:17] Текст ошибки: Invalid type: request_short | Файл: C:\Programms\OpenServer\OSPanel\domains\omega-interior.loc\vendor\gabordemooij\redbean\RedBeanPHP\Util\DispenseHelper.php | Строка: 77
=================
[2020-05-17 17:22:27] Текст ошибки: Invalid type: request_short | Файл: C:\Programms\OpenServer\OSPanel\domains\omega-interior.loc\vendor\gabordemooij\redbean\RedBeanPHP\Util\DispenseHelper.php | Строка: 77
=================
[2020-05-17 17:23:41] Текст ошибки: Invalid type: request_short | Файл: C:\Programms\OpenServer\OSPanel\domains\omega-interior.loc\vendor\gabordemooij\redbean\RedBeanPHP\Util\DispenseHelper.php | Строка: 77
=================
[2020-05-17 17:23:47] Текст ошибки: Invalid type: request_short | Файл: C:\Programms\OpenServer\OSPanel\domains\omega-interior.loc\vendor\gabordemooij\redbean\RedBeanPHP\Util\DispenseHelper.php | Строка: 77
=================
[2020-05-17 17:24:22] Текст ошибки: Invalid type: request_short | Файл: C:\Programms\OpenServer\OSPanel\domains\omega-interior.loc\vendor\gabordemooij\redbean\RedBeanPHP\Util\DispenseHelper.php | Строка: 77
=================
[2020-05-17 17:24:25] Текст ошибки: Invalid type: request_short | Файл: C:\Programms\OpenServer\OSPanel\domains\omega-interior.loc\vendor\gabordemooij\redbean\RedBeanPHP\Util\DispenseHelper.php | Строка: 77
=================
[2020-05-17 17:25:49] Текст ошибки: Invalid type: short_request | Файл: C:\Programms\OpenServer\OSPanel\domains\omega-interior.loc\vendor\gabordemooij\redbean\RedBeanPHP\Util\DispenseHelper.php | Строка: 77
=================
[2020-05-17 17:25:54] Текст ошибки: Invalid type: short_request | Файл: C:\Programms\OpenServer\OSPanel\domains\omega-interior.loc\vendor\gabordemooij\redbean\RedBeanPHP\Util\DispenseHelper.php | Строка: 77
=================
[2020-05-17 17:28:32] Текст ошибки: Invalid type: short_send | Файл: C:\Programms\OpenServer\OSPanel\domains\omega-interior.loc\vendor\gabordemooij\redbean\RedBeanPHP\Util\DispenseHelper.php | Строка: 77
=================
[2020-05-17 17:29:00] Текст ошибки: Invalid type: request_s | Файл: C:\Programms\OpenServer\OSPanel\domains\omega-interior.loc\vendor\gabordemooij\redbean\RedBeanPHP\Util\DispenseHelper.php | Строка: 77
=================
[2020-05-17 17:29:10] Текст ошибки: Invalid type: send_s | Файл: C:\Programms\OpenServer\OSPanel\domains\omega-interior.loc\vendor\gabordemooij\redbean\RedBeanPHP\Util\DispenseHelper.php | Строка: 77
=================
[2020-05-17 17:29:22] Текст ошибки: Invalid type: send_s | Файл: C:\Programms\OpenServer\OSPanel\domains\omega-interior.loc\vendor\gabordemooij\redbean\RedBeanPHP\Util\DispenseHelper.php | Строка: 77
=================
[2020-05-17 17:29:29] Текст ошибки: Метод app\controllers\ProductController::jalousieAction не найден | Файл: C:\Programms\OpenServer\OSPanel\domains\omega-interior.loc\vendor\project\core\Router.php | Строка: 33
=================
[2020-05-17 17:29:30] Текст ошибки: Страница не найдена | Файл: C:\Programms\OpenServer\OSPanel\domains\omega-interior.loc\vendor\project\core\Router.php | Строка: 39
=================
[2020-05-17 17:29:47] Текст ошибки: Invalid type: req_s | Файл: C:\Programms\OpenServer\OSPanel\domains\omega-interior.loc\vendor\gabordemooij\redbean\RedBeanPHP\Util\DispenseHelper.php | Строка: 77
=================
[2020-05-17 17:31:28] Текст ошибки: Invalid type: r_short | Файл: C:\Programms\OpenServer\OSPanel\domains\omega-interior.loc\vendor\gabordemooij\redbean\RedBeanPHP\Util\DispenseHelper.php | Строка: 77
=================
[2020-05-17 17:32:36] Текст ошибки: Invalid type: demand_s | Файл: C:\Programms\OpenServer\OSPanel\domains\omega-interior.loc\vendor\gabordemooij\redbean\RedBeanPHP\Util\DispenseHelper.php | Строка: 77
=================
[2020-05-17 17:34:32] Текст ошибки: Invalid type: request_short | Файл: C:\Programms\OpenServer\OSPanel\domains\omega-interior.loc\vendor\gabordemooij\redbean\RedBeanPHP\Util\DispenseHelper.php | Строка: 77
=================
[2020-05-17 17:34:49] Текст ошибки: SQLSTATE[42S22]: Column not found: 1054 Unknown column 'email' in 'field list' | Файл: C:\Programms\OpenServer\OSPanel\domains\omega-interior.loc\vendor\gabordemooij\redbean\RedBeanPHP\Driver\RPDO.php | Строка: 194
=================
[2020-05-17 17:36:16] Текст ошибки: На найден вид C:\Programms\OpenServer\OSPanel\domains\omega-interior.loc/app/views/Main/sendshort.php | Файл: C:\Programms\OpenServer\OSPanel\domains\omega-interior.loc\vendor\project\core\base\View.php | Строка: 39
=================
[2020-05-17 17:42:16] Текст ошибки: Invalid type: requestсount | Файл: C:\Programms\OpenServer\OSPanel\domains\omega-interior.loc\vendor\gabordemooij\redbean\RedBeanPHP\Util\DispenseHelper.php | Строка: 77
=================
[2020-05-17 17:42:52] Текст ошибки: Invalid type: reqсount | Файл: C:\Programms\OpenServer\OSPanel\domains\omega-interior.loc\vendor\gabordemooij\redbean\RedBeanPHP\Util\DispenseHelper.php | Строка: 77
=================
[2020-05-17 17:43:07] Текст ошибки: Invalid type: reqс | Файл: C:\Programms\OpenServer\OSPanel\domains\omega-interior.loc\vendor\gabordemooij\redbean\RedBeanPHP\Util\DispenseHelper.php | Строка: 77
=================
[2020-05-17 17:43:24] Текст ошибки: SQLSTATE[22007]: Invalid datetime format: 1366 Incorrect integer value: '' for column `omega_int`.`some`.`avd1` at row 1 | Файл: C:\Programms\OpenServer\OSPanel\domains\omega-interior.loc\vendor\gabordemooij\redbean\RedBeanPHP\Driver\RPDO.php | Строка: 194
=================
[2020-05-17 17:44:06] Текст ошибки: SQLSTATE[22007]: Invalid datetime format: 1366 Incorrect integer value: '' for column `omega_int`.`some`.`avd1` at row 1 | Файл: C:\Programms\OpenServer\OSPanel\domains\omega-interior.loc\vendor\gabordemooij\redbean\RedBeanPHP\Driver\RPDO.php | Строка: 194
=================
[2020-05-17 17:46:06] Текст ошибки: SQLSTATE[22007]: Invalid datetime format: 1366 Incorrect integer value: '' for column `omega_int`.`some`.`avd1` at row 1 | Файл: C:\Programms\OpenServer\OSPanel\domains\omega-interior.loc\vendor\gabordemooij\redbean\RedBeanPHP\Driver\RPDO.php | Строка: 194
=================
[2020-05-17 17:46:09] Текст ошибки: SQLSTATE[22007]: Invalid datetime format: 1366 Incorrect integer value: '' for column `omega_int`.`some`.`avd1` at row 1 | Файл: C:\Programms\OpenServer\OSPanel\domains\omega-interior.loc\vendor\gabordemooij\redbean\RedBeanPHP\Driver\RPDO.php | Строка: 194
=================
[2020-05-17 17:52:09] Текст ошибки: SQLSTATE[42S22]: Column not found: 1054 Unknown column 'bonus1' in 'field list' | Файл: C:\Programms\OpenServer\OSPanel\domains\omega-interior.loc\vendor\gabordemooij\redbean\RedBeanPHP\Driver\RPDO.php | Строка: 194
=================
[2020-05-17 17:52:18] Текст ошибки: SQLSTATE[42S22]: Column not found: 1054 Unknown column 'adv1' in 'field list' | Файл: C:\Programms\OpenServer\OSPanel\domains\omega-interior.loc\vendor\gabordemooij\redbean\RedBeanPHP\Driver\RPDO.php | Строка: 194
=================
[2020-05-17 17:54:49] Текст ошибки: SQLSTATE[22007]: Invalid datetime format: 1366 Incorrect integer value: '' for column `omega_int`.`some`.`adv2` at row 1 | Файл: C:\Programms\OpenServer\OSPanel\domains\omega-interior.loc\vendor\gabordemooij\redbean\RedBeanPHP\Driver\RPDO.php | Строка: 194
=================
[2020-05-17 18:47:53] Текст ошибки: На найден вид C:\Programms\OpenServer\OSPanel\domains\omega-interior.loc/app/views/Main/sendshort.php | Файл: C:\Programms\OpenServer\OSPanel\domains\omega-interior.loc\vendor\project\core\base\View.php | Строка: 39
=================
[2020-05-17 18:49:21] Текст ошибки: Invalid type: some_s | Файл: C:\Programms\OpenServer\OSPanel\domains\omega-interior.loc\vendor\gabordemooij\redbean\RedBeanPHP\Util\DispenseHelper.php | Строка: 77
=================
[2020-05-17 18:49:39] Текст ошибки: SQLSTATE[42S22]: Column not found: 1054 Unknown column 'email' in 'field list' | Файл: C:\Programms\OpenServer\OSPanel\domains\omega-interior.loc\vendor\gabordemooij\redbean\RedBeanPHP\Driver\RPDO.php | Строка: 194
=================
[2020-05-17 18:50:00] Текст ошибки: SQLSTATE[42S22]: Column not found: 1054 Unknown column 'email' in 'field list' | Файл: C:\Programms\OpenServer\OSPanel\domains\omega-interior.loc\vendor\gabordemooij\redbean\RedBeanPHP\Driver\RPDO.php | Строка: 194
=================
[2020-05-17 18:50:08] Текст ошибки: SQLSTATE[42S22]: Column not found: 1054 Unknown column 'email' in 'field list' | Файл: C:\Programms\OpenServer\OSPanel\domains\omega-interior.loc\vendor\gabordemooij\redbean\RedBeanPHP\Driver\RPDO.php | Строка: 194
=================
[2020-05-17 18:58:20] Текст ошибки: Too few arguments to function app\models\RequestJalousie::mailRequest(), 0 passed in C:\Programms\OpenServer\OSPanel\domains\omega-interior.loc\app\controllers\MainController.php on line 49 and exactly 1 expected | Файл: C:\Programms\OpenServer\OSPanel\domains\omega-interior.loc\app\models\RequestJalousie.php | Строка: 33
=================
[2020-05-23 16:36:41] Текст ошибки: Страница не найдена | Файл: C:\Programms\OpenServer\OSPanel\domains\omega-interior.loc\vendor\project\core\Router.php | Строка: 39
=================
[2020-05-23 16:36:45] Текст ошибки: Страница не найдена | Файл: C:\Programms\OpenServer\OSPanel\domains\omega-interior.loc\vendor\project\core\Router.php | Строка: 39
=================
[2020-05-23 16:38:48] Текст ошибки: Страница не найдена | Файл: C:\Programms\OpenServer\OSPanel\domains\omega-interior.loc\vendor\project\core\Router.php | Строка: 39
=================
[2020-05-23 23:37:25] Текст ошибки: Страница не найдена | Файл: C:\Programms\OpenServer\OSPanel\domains\omega-interior.loc\vendor\project\core\Router.php | Строка: 39
=================
[2020-05-24 21:24:06] Текст ошибки: Страница не найдена | Файл: C:\Programms\OpenServer\OSPanel\domains\omega-interior.loc\vendor\project\core\Router.php | Строка: 39
=================
[2020-05-24 21:24:20] Текст ошибки: Страница не найдена | Файл: C:\Programms\OpenServer\OSPanel\domains\omega-interior.loc\vendor\project\core\Router.php | Строка: 39
=================
[2020-05-24 21:24:21] Текст ошибки: Страница не найдена | Файл: C:\Programms\OpenServer\OSPanel\domains\omega-interior.loc\vendor\project\core\Router.php | Строка: 39
=================
[2020-05-24 21:24:21] Текст ошибки: Страница не найдена | Файл: C:\Programms\OpenServer\OSPanel\domains\omega-interior.loc\vendor\project\core\Router.php | Строка: 39
=================
[2020-05-24 21:24:21] Текст ошибки: Страница не найдена | Файл: C:\Programms\OpenServer\OSPanel\domains\omega-interior.loc\vendor\project\core\Router.php | Строка: 39
=================
[2020-05-24 21:24:21] Текст ошибки: Страница не найдена | Файл: C:\Programms\OpenServer\OSPanel\domains\omega-interior.loc\vendor\project\core\Router.php | Строка: 39
=================
[2020-05-24 21:24:21] Текст ошибки: Страница не найдена | Файл: C:\Programms\OpenServer\OSPanel\domains\omega-interior.loc\vendor\project\core\Router.php | Строка: 39
=================
[2020-05-24 21:24:21] Текст ошибки: Страница не найдена | Файл: C:\Programms\OpenServer\OSPanel\domains\omega-interior.loc\vendor\project\core\Router.php | Строка: 39
=================
[2020-05-24 21:24:21] Текст ошибки: Страница не найдена | Файл: C:\Programms\OpenServer\OSPanel\domains\omega-interior.loc\vendor\project\core\Router.php | Строка: 39
=================
[2020-05-24 21:24:21] Текст ошибки: Страница не найдена | Файл: C:\Programms\OpenServer\OSPanel\domains\omega-interior.loc\vendor\project\core\Router.php | Строка: 39
=================
[2020-05-24 21:24:21] Текст ошибки: Страница не найдена | Файл: C:\Programms\OpenServer\OSPanel\domains\omega-interior.loc\vendor\project\core\Router.php | Строка: 39
=================
[2020-05-24 21:24:21] Текст ошибки: Страница не найдена | Файл: C:\Programms\OpenServer\OSPanel\domains\omega-interior.loc\vendor\project\core\Router.php | Строка: 39
=================
[2020-05-24 21:24:21] Текст ошибки: Страница не найдена | Файл: C:\Programms\OpenServer\OSPanel\domains\omega-interior.loc\vendor\project\core\Router.php | Строка: 39
=================
[2020-05-24 21:24:21] Текст ошибки: Страница не найдена | Файл: C:\Programms\OpenServer\OSPanel\domains\omega-interior.loc\vendor\project\core\Router.php | Строка: 39
=================
[2020-05-24 21:24:21] Текст ошибки: Страница не найдена | Файл: C:\Programms\OpenServer\OSPanel\domains\omega-interior.loc\vendor\project\core\Router.php | Строка: 39
=================
[2020-05-24 21:24:21] Текст ошибки: Страница не найдена | Файл: C:\Programms\OpenServer\OSPanel\domains\omega-interior.loc\vendor\project\core\Router.php | Строка: 39
=================
[2020-05-24 21:24:21] Текст ошибки: Страница не найдена | Файл: C:\Programms\OpenServer\OSPanel\domains\omega-interior.loc\vendor\project\core\Router.php | Строка: 39
=================
[2020-05-24 21:24:21] Текст ошибки: Страница не найдена | Файл: C:\Programms\OpenServer\OSPanel\domains\omega-interior.loc\vendor\project\core\Router.php | Строка: 39
=================
[2020-05-24 21:24:21] Текст ошибки: Страница не найдена | Файл: C:\Programms\OpenServer\OSPanel\domains\omega-interior.loc\vendor\project\core\Router.php | Строка: 39
=================
[2020-05-24 21:24:21] Текст ошибки: Страница не найдена | Файл: C:\Programms\OpenServer\OSPanel\domains\omega-interior.loc\vendor\project\core\Router.php | Строка: 39
=================
[2020-05-24 21:24:21] Текст ошибки: Страница не найдена | Файл: C:\Programms\OpenServer\OSPanel\domains\omega-interior.loc\vendor\project\core\Router.php | Строка: 39
=================
[2020-05-24 21:24:21] Текст ошибки: Страница не найдена | Файл: C:\Programms\OpenServer\OSPanel\domains\omega-interior.loc\vendor\project\core\Router.php | Строка: 39
=================
[2020-05-24 21:24:21] Текст ошибки: Страница не найдена | Файл: C:\Programms\OpenServer\OSPanel\domains\omega-interior.loc\vendor\project\core\Router.php | Строка: 39
=================
[2020-05-24 21:24:21] Текст ошибки: Страница не найдена | Файл: C:\Programms\OpenServer\OSPanel\domains\omega-interior.loc\vendor\project\core\Router.php | Строка: 39
=================
[2020-05-24 21:24:21] Текст ошибки: Страница не найдена | Файл: C:\Programms\OpenServer\OSPanel\domains\omega-interior.loc\vendor\project\core\Router.php | Строка: 39
=================
[2020-05-24 21:24:21] Текст ошибки: Страница не найдена | Файл: C:\Programms\OpenServer\OSPanel\domains\omega-interior.loc\vendor\project\core\Router.php | Строка: 39
=================
[2020-05-24 21:24:21] Текст ошибки: Страница не найдена | Файл: C:\Programms\OpenServer\OSPanel\domains\omega-interior.loc\vendor\project\core\Router.php | Строка: 39
=================
[2020-05-24 21:24:21] Текст ошибки: Страница не найдена | Файл: C:\Programms\OpenServer\OSPanel\domains\omega-interior.loc\vendor\project\core\Router.php | Строка: 39
=================
[2020-05-24 21:24:21] Текст ошибки: Страница не найдена | Файл: C:\Programms\OpenServer\OSPanel\domains\omega-interior.loc\vendor\project\core\Router.php | Строка: 39
=================
[2020-05-24 21:24:21] Текст ошибки: Страница не найдена | Файл: C:\Programms\OpenServer\OSPanel\domains\omega-interior.loc\vendor\project\core\Router.php | Строка: 39
=================
[2020-05-24 21:24:21] Текст ошибки: Страница не найдена | Файл: C:\Programms\OpenServer\OSPanel\domains\omega-interior.loc\vendor\project\core\Router.php | Строка: 39
=================
[2020-05-24 21:24:21] Текст ошибки: Страница не найдена | Файл: C:\Programms\OpenServer\OSPanel\domains\omega-interior.loc\vendor\project\core\Router.php | Строка: 39
=================
[2020-05-24 21:24:21] Текст ошибки: Страница не найдена | Файл: C:\Programms\OpenServer\OSPanel\domains\omega-interior.loc\vendor\project\core\Router.php | Строка: 39
=================
[2020-05-24 21:24:21] Текст ошибки: Страница не найдена | Файл: C:\Programms\OpenServer\OSPanel\domains\omega-interior.loc\vendor\project\core\Router.php | Строка: 39
=================
[2020-05-24 21:24:21] Текст ошибки: Страница не найдена | Файл: C:\Programms\OpenServer\OSPanel\domains\omega-interior.loc\vendor\project\core\Router.php | Строка: 39
=================
[2020-05-24 21:24:21] Текст ошибки: Страница не найдена | Файл: C:\Programms\OpenServer\OSPanel\domains\omega-interior.loc\vendor\project\core\Router.php | Строка: 39
=================
[2020-05-24 21:24:21] Текст ошибки: Страница не найдена | Файл: C:\Programms\OpenServer\OSPanel\domains\omega-interior.loc\vendor\project\core\Router.php | Строка: 39
=================
[2020-05-24 21:24:21] Текст ошибки: Страница не найдена | Файл: C:\Programms\OpenServer\OSPanel\domains\omega-interior.loc\vendor\project\core\Router.php | Строка: 39
=================
[2020-05-24 21:24:21] Текст ошибки: Страница не найдена | Файл: C:\Programms\OpenServer\OSPanel\domains\omega-interior.loc\vendor\project\core\Router.php | Строка: 39
=================
[2020-05-24 21:24:21] Текст ошибки: Страница не найдена | Файл: C:\Programms\OpenServer\OSPanel\domains\omega-interior.loc\vendor\project\core\Router.php | Строка: 39
=================
[2020-05-24 21:24:21] Текст ошибки: Страница не найдена | Файл: C:\Programms\OpenServer\OSPanel\domains\omega-interior.loc\vendor\project\core\Router.php | Строка: 39
=================
[2020-05-24 21:24:21] Текст ошибки: Страница не найдена | Файл: C:\Programms\OpenServer\OSPanel\domains\omega-interior.loc\vendor\project\core\Router.php | Строка: 39
=================
[2020-05-24 21:24:21] Текст ошибки: Страница не найдена | Файл: C:\Programms\OpenServer\OSPanel\domains\omega-interior.loc\vendor\project\core\Router.php | Строка: 39
=================
[2020-05-24 21:24:21] Текст ошибки: Страница не найдена | Файл: C:\Programms\OpenServer\OSPanel\domains\omega-interior.loc\vendor\project\core\Router.php | Строка: 39
=================
[2020-05-24 21:24:21] Текст ошибки: Страница не найдена | Файл: C:\Programms\OpenServer\OSPanel\domains\omega-interior.loc\vendor\project\core\Router.php | Строка: 39
=================
[2020-05-24 21:24:21] Текст ошибки: Страница не найдена | Файл: C:\Programms\OpenServer\OSPanel\domains\omega-interior.loc\vendor\project\core\Router.php | Строка: 39
=================
[2020-05-24 21:24:21] Текст ошибки: Страница не найдена | Файл: C:\Programms\OpenServer\OSPanel\domains\omega-interior.loc\vendor\project\core\Router.php | Строка: 39
=================
[2020-05-24 21:24:22] Текст ошибки: Страница не найдена | Файл: C:\Programms\OpenServer\OSPanel\domains\omega-interior.loc\vendor\project\core\Router.php | Строка: 39
=================
[2020-05-24 21:25:13] Текст ошибки: Страница не найдена | Файл: C:\Programms\OpenServer\OSPanel\domains\omega-interior.loc\vendor\project\core\Router.php | Строка: 39
=================
[2020-05-24 21:25:13] Текст ошибки: Страница не найдена | Файл: C:\Programms\OpenServer\OSPanel\domains\omega-interior.loc\vendor\project\core\Router.php | Строка: 39
=================
[2020-05-24 21:25:13] Текст ошибки: Страница не найдена | Файл: C:\Programms\OpenServer\OSPanel\domains\omega-interior.loc\vendor\project\core\Router.php | Строка: 39
=================
[2020-05-24 21:25:13] Текст ошибки: Страница не найдена | Файл: C:\Programms\OpenServer\OSPanel\domains\omega-interior.loc\vendor\project\core\Router.php | Строка: 39
=================
[2020-05-24 21:25:13] Текст ошибки: Страница не найдена | Файл: C:\Programms\OpenServer\OSPanel\domains\omega-interior.loc\vendor\project\core\Router.php | Строка: 39
=================
[2020-05-24 21:25:13] Текст ошибки: Страница не найдена | Файл: C:\Programms\OpenServer\OSPanel\domains\omega-interior.loc\vendor\project\core\Router.php | Строка: 39
=================
[2020-05-24 21:25:13] Текст ошибки: Страница не найдена | Файл: C:\Programms\OpenServer\OSPanel\domains\omega-interior.loc\vendor\project\core\Router.php | Строка: 39
=================
[2020-05-24 21:25:13] Текст ошибки: Страница не найдена | Файл: C:\Programms\OpenServer\OSPanel\domains\omega-interior.loc\vendor\project\core\Router.php | Строка: 39
=================
[2020-05-24 21:25:13] Текст ошибки: Страница не найдена | Файл: C:\Programms\OpenServer\OSPanel\domains\omega-interior.loc\vendor\project\core\Router.php | Строка: 39
=================
[2020-05-24 21:25:13] Текст ошибки: Страница не найдена | Файл: C:\Programms\OpenServer\OSPanel\domains\omega-interior.loc\vendor\project\core\Router.php | Строка: 39
=================
[2020-05-24 21:25:13] Текст ошибки: Страница не найдена | Файл: C:\Programms\OpenServer\OSPanel\domains\omega-interior.loc\vendor\project\core\Router.php | Строка: 39
=================
[2020-05-24 21:25:13] Текст ошибки: Страница не найдена | Файл: C:\Programms\OpenServer\OSPanel\domains\omega-interior.loc\vendor\project\core\Router.php | Строка: 39
=================
[2020-05-24 21:25:13] Текст ошибки: Страница не найдена | Файл: C:\Programms\OpenServer\OSPanel\domains\omega-interior.loc\vendor\project\core\Router.php | Строка: 39
=================
[2020-05-24 21:25:13] Текст ошибки: Страница не найдена | Файл: C:\Programms\OpenServer\OSPanel\domains\omega-interior.loc\vendor\project\core\Router.php | Строка: 39
=================
[2020-05-24 21:25:13] Текст ошибки: Страница не найдена | Файл: C:\Programms\OpenServer\OSPanel\domains\omega-interior.loc\vendor\project\core\Router.php | Строка: 39
=================
[2020-05-24 21:25:13] Текст ошибки: Страница не найдена | Файл: C:\Programms\OpenServer\OSPanel\domains\omega-interior.loc\vendor\project\core\Router.php | Строка: 39
=================
[2020-05-24 21:25:13] Текст ошибки: Страница не найдена | Файл: C:\Programms\OpenServer\OSPanel\domains\omega-interior.loc\vendor\project\core\Router.php | Строка: 39
=================
[2020-05-24 21:25:13] Текст ошибки: Страница не найдена | Файл: C:\Programms\OpenServer\OSPanel\domains\omega-interior.loc\vendor\project\core\Router.php | Строка: 39
=================
[2020-05-24 21:25:13] Текст ошибки: Страница не найдена | Файл: C:\Programms\OpenServer\OSPanel\domains\omega-interior.loc\vendor\project\core\Router.php | Строка: 39
=================
[2020-05-24 21:25:13] Текст ошибки: Страница не найдена | Файл: C:\Programms\OpenServer\OSPanel\domains\omega-interior.loc\vendor\project\core\Router.php | Строка: 39
=================
[2020-05-24 21:25:13] Текст ошибки: Страница не найдена | Файл: C:\Programms\OpenServer\OSPanel\domains\omega-interior.loc\vendor\project\core\Router.php | Строка: 39
=================
[2020-05-24 21:25:13] Текст ошибки: Страница не найдена | Файл: C:\Programms\OpenServer\OSPanel\domains\omega-interior.loc\vendor\project\core\Router.php | Строка: 39
=================
[2020-05-24 21:25:13] Текст ошибки: Страница не найдена | Файл: C:\Programms\OpenServer\OSPanel\domains\omega-interior.loc\vendor\project\core\Router.php | Строка: 39
=================
[2020-05-24 21:25:13] Текст ошибки: Страница не найдена | Файл: C:\Programms\OpenServer\OSPanel\domains\omega-interior.loc\vendor\project\core\Router.php | Строка: 39
=================
[2020-05-24 21:25:13] Текст ошибки: Страница не найдена | Файл: C:\Programms\OpenServer\OSPanel\domains\omega-interior.loc\vendor\project\core\Router.php | Строка: 39
=================
[2020-05-24 21:25:13] Текст ошибки: Страница не найдена | Файл: C:\Programms\OpenServer\OSPanel\domains\omega-interior.loc\vendor\project\core\Router.php | Строка: 39
=================
[2020-05-24 21:25:13] Текст ошибки: Страница не найдена | Файл: C:\Programms\OpenServer\OSPanel\domains\omega-interior.loc\vendor\project\core\Router.php | Строка: 39
=================
[2020-05-24 21:25:13] Текст ошибки: Страница не найдена | Файл: C:\Programms\OpenServer\OSPanel\domains\omega-interior.loc\vendor\project\core\Router.php | Строка: 39
=================
[2020-05-24 21:25:13] Текст ошибки: Страница не найдена | Файл: C:\Programms\OpenServer\OSPanel\domains\omega-interior.loc\vendor\project\core\Router.php | Строка: 39
=================
[2020-05-24 21:25:13] Текст ошибки: Страница не найдена | Файл: C:\Programms\OpenServer\OSPanel\domains\omega-interior.loc\vendor\project\core\Router.php | Строка: 39
=================
[2020-05-24 21:25:13] Текст ошибки: Страница не найдена | Файл: C:\Programms\OpenServer\OSPanel\domains\omega-interior.loc\vendor\project\core\Router.php | Строка: 39
=================
[2020-05-24 21:25:14] Текст ошибки: Страница не найдена | Файл: C:\Programms\OpenServer\OSPanel\domains\omega-interior.loc\vendor\project\core\Router.php | Строка: 39
=================
[2020-05-24 21:25:14] Текст ошибки: Страница не найдена | Файл: C:\Programms\OpenServer\OSPanel\domains\omega-interior.loc\vendor\project\core\Router.php | Строка: 39
=================
[2020-05-24 21:25:14] Текст ошибки: Страница не найдена | Файл: C:\Programms\OpenServer\OSPanel\domains\omega-interior.loc\vendor\project\core\Router.php | Строка: 39
=================
[2020-05-24 21:25:14] Текст ошибки: Страница не найдена | Файл: C:\Programms\OpenServer\OSPanel\domains\omega-interior.loc\vendor\project\core\Router.php | Строка: 39
=================
[2020-05-24 21:25:14] Текст ошибки: Страница не найдена | Файл: C:\Programms\OpenServer\OSPanel\domains\omega-interior.loc\vendor\project\core\Router.php | Строка: 39
=================
[2020-05-24 21:25:14] Текст ошибки: Страница не найдена | Файл: C:\Programms\OpenServer\OSPanel\domains\omega-interior.loc\vendor\project\core\Router.php | Строка: 39
=================
[2020-05-24 21:25:14] Текст ошибки: Страница не найдена | Файл: C:\Programms\OpenServer\OSPanel\domains\omega-interior.loc\vendor\project\core\Router.php | Строка: 39
=================
[2020-05-24 21:25:14] Текст ошибки: Страница не найдена | Файл: C:\Programms\OpenServer\OSPanel\domains\omega-interior.loc\vendor\project\core\Router.php | Строка: 39
=================
[2020-05-24 21:25:14] Текст ошибки: Страница не найдена | Файл: C:\Programms\OpenServer\OSPanel\domains\omega-interior.loc\vendor\project\core\Router.php | Строка: 39
=================
[2020-05-24 21:25:14] Текст ошибки: Страница не найдена | Файл: C:\Programms\OpenServer\OSPanel\domains\omega-interior.loc\vendor\project\core\Router.php | Строка: 39
=================
[2020-05-24 21:25:14] Текст ошибки: Страница не найдена | Файл: C:\Programms\OpenServer\OSPanel\domains\omega-interior.loc\vendor\project\core\Router.php | Строка: 39
=================
[2020-05-24 21:25:14] Текст ошибки: Страница не найдена | Файл: C:\Programms\OpenServer\OSPanel\domains\omega-interior.loc\vendor\project\core\Router.php | Строка: 39
=================
[2020-05-24 21:25:14] Текст ошибки: Страница не найдена | Файл: C:\Programms\OpenServer\OSPanel\domains\omega-interior.loc\vendor\project\core\Router.php | Строка: 39
=================
[2020-05-24 21:25:14] Текст ошибки: Страница не найдена | Файл: C:\Programms\OpenServer\OSPanel\domains\omega-interior.loc\vendor\project\core\Router.php | Строка: 39
=================
[2020-05-24 21:25:14] Текст ошибки: Страница не найдена | Файл: C:\Programms\OpenServer\OSPanel\domains\omega-interior.loc\vendor\project\core\Router.php | Строка: 39
=================
[2020-05-24 21:25:19] Текст ошибки: Страница не найдена | Файл: C:\Programms\OpenServer\OSPanel\domains\omega-interior.loc\vendor\project\core\Router.php | Строка: 39
=================
[2020-05-24 21:25:19] Текст ошибки: Страница не найдена | Файл: C:\Programms\OpenServer\OSPanel\domains\omega-interior.loc\vendor\project\core\Router.php | Строка: 39
=================
[2020-05-24 21:25:19] Текст ошибки: Страница не найдена | Файл: C:\Programms\OpenServer\OSPanel\domains\omega-interior.loc\vendor\project\core\Router.php | Строка: 39
=================
[2020-05-24 21:25:19] Текст ошибки: Страница не найдена | Файл: C:\Programms\OpenServer\OSPanel\domains\omega-interior.loc\vendor\project\core\Router.php | Строка: 39
=================
[2020-05-24 21:25:19] Текст ошибки: Страница не найдена | Файл: C:\Programms\OpenServer\OSPanel\domains\omega-interior.loc\vendor\project\core\Router.php | Строка: 39
=================
[2020-05-24 21:25:19] Текст ошибки: Страница не найдена | Файл: C:\Programms\OpenServer\OSPanel\domains\omega-interior.loc\vendor\project\core\Router.php | Строка: 39
=================
[2020-05-24 21:25:19] Текст ошибки: Страница не найдена | Файл: C:\Programms\OpenServer\OSPanel\domains\omega-interior.loc\vendor\project\core\Router.php | Строка: 39
=================
[2020-05-24 21:25:19] Текст ошибки: Страница не найдена | Файл: C:\Programms\OpenServer\OSPanel\domains\omega-interior.loc\vendor\project\core\Router.php | Строка: 39
=================
[2020-05-24 21:25:19] Текст ошибки: Страница не найдена | Файл: C:\Programms\OpenServer\OSPanel\domains\omega-interior.loc\vendor\project\core\Router.php | Строка: 39
=================
[2020-05-24 21:25:19] Текст ошибки: Страница не найдена | Файл: C:\Programms\OpenServer\OSPanel\domains\omega-interior.loc\vendor\project\core\Router.php | Строка: 39
=================
[2020-05-24 21:25:19] Текст ошибки: Страница не найдена | Файл: C:\Programms\OpenServer\OSPanel\domains\omega-interior.loc\vendor\project\core\Router.php | Строка: 39
=================
[2020-05-24 21:25:19] Текст ошибки: Страница не найдена | Файл: C:\Programms\OpenServer\OSPanel\domains\omega-interior.loc\vendor\project\core\Router.php | Строка: 39
=================
[2020-05-24 21:25:19] Текст ошибки: Страница не найдена | Файл: C:\Programms\OpenServer\OSPanel\domains\omega-interior.loc\vendor\project\core\Router.php | Строка: 39
=================
[2020-05-24 21:25:19] Текст ошибки: Страница не найдена | Файл: C:\Programms\OpenServer\OSPanel\domains\omega-interior.loc\vendor\project\core\Router.php | Строка: 39
=================
[2020-05-24 21:25:19] Текст ошибки: Страница не найдена | Файл: C:\Programms\OpenServer\OSPanel\domains\omega-interior.loc\vendor\project\core\Router.php | Строка: 39
=================
[2020-05-24 21:25:19] Текст ошибки: Страница не найдена | Файл: C:\Programms\OpenServer\OSPanel\domains\omega-interior.loc\vendor\project\core\Router.php | Строка: 39
=================
[2020-05-24 21:25:19] Текст ошибки: Страница не найдена | Файл: C:\Programms\OpenServer\OSPanel\domains\omega-interior.loc\vendor\project\core\Router.php | Строка: 39
=================
[2020-05-24 21:25:19] Текст ошибки: Страница не найдена | Файл: C:\Programms\OpenServer\OSPanel\domains\omega-interior.loc\vendor\project\core\Router.php | Строка: 39
=================
[2020-05-24 21:25:19] Текст ошибки: Страница не найдена | Файл: C:\Programms\OpenServer\OSPanel\domains\omega-interior.loc\vendor\project\core\Router.php | Строка: 39
=================
[2020-05-24 21:25:19] Текст ошибки: Страница не найдена | Файл: C:\Programms\OpenServer\OSPanel\domains\omega-interior.loc\vendor\project\core\Router.php | Строка: 39
=================
[2020-05-24 21:25:19] Текст ошибки: Страница не найдена | Файл: C:\Programms\OpenServer\OSPanel\domains\omega-interior.loc\vendor\project\core\Router.php | Строка: 39
=================
[2020-05-24 21:25:19] Текст ошибки: Страница не найдена | Файл: C:\Programms\OpenServer\OSPanel\domains\omega-interior.loc\vendor\project\core\Router.php | Строка: 39
=================
[2020-05-24 21:25:19] Текст ошибки: Страница не найдена | Файл: C:\Programms\OpenServer\OSPanel\domains\omega-interior.loc\vendor\project\core\Router.php | Строка: 39
=================
[2020-05-24 21:25:19] Текст ошибки: Страница не найдена | Файл: C:\Programms\OpenServer\OSPanel\domains\omega-interior.loc\vendor\project\core\Router.php | Строка: 39
=================
[2020-05-24 21:25:19] Текст ошибки: Страница не найдена | Файл: C:\Programms\OpenServer\OSPanel\domains\omega-interior.loc\vendor\project\core\Router.php | Строка: 39
=================
[2020-05-24 21:25:19] Текст ошибки: Страница не найдена | Файл: C:\Programms\OpenServer\OSPanel\domains\omega-interior.loc\vendor\project\core\Router.php | Строка: 39
=================
[2020-05-24 21:25:19] Текст ошибки: Страница не найдена | Файл: C:\Programms\OpenServer\OSPanel\domains\omega-interior.loc\vendor\project\core\Router.php | Строка: 39
=================
[2020-05-24 21:25:19] Текст ошибки: Страница не найдена | Файл: C:\Programms\OpenServer\OSPanel\domains\omega-interior.loc\vendor\project\core\Router.php | Строка: 39
=================
[2020-05-24 21:25:19] Текст ошибки: Страница не найдена | Файл: C:\Programms\OpenServer\OSPanel\domains\omega-interior.loc\vendor\project\core\Router.php | Строка: 39
=================
[2020-05-24 21:25:19] Текст ошибки: Страница не найдена | Файл: C:\Programms\OpenServer\OSPanel\domains\omega-interior.loc\vendor\project\core\Router.php | Строка: 39
=================
[2020-05-24 21:25:19] Текст ошибки: Страница не найдена | Файл: C:\Programms\OpenServer\OSPanel\domains\omega-interior.loc\vendor\project\core\Router.php | Строка: 39
=================
[2020-05-24 21:25:19] Текст ошибки: Страница не найдена | Файл: C:\Programms\OpenServer\OSPanel\domains\omega-interior.loc\vendor\project\core\Router.php | Строка: 39
=================
[2020-05-24 21:25:19] Текст ошибки: Страница не найдена | Файл: C:\Programms\OpenServer\OSPanel\domains\omega-interior.loc\vendor\project\core\Router.php | Строка: 39
=================
[2020-05-24 21:25:19] Текст ошибки: Страница не найдена | Файл: C:\Programms\OpenServer\OSPanel\domains\omega-interior.loc\vendor\project\core\Router.php | Строка: 39
=================
[2020-05-24 21:25:19] Текст ошибки: Страница не найдена | Файл: C:\Programms\OpenServer\OSPanel\domains\omega-interior.loc\vendor\project\core\Router.php | Строка: 39
=================
[2020-05-24 21:25:19] Текст ошибки: Страница не найдена | Файл: C:\Programms\OpenServer\OSPanel\domains\omega-interior.loc\vendor\project\core\Router.php | Строка: 39
=================
[2020-05-24 21:25:19] Текст ошибки: Страница не найдена | Файл: C:\Programms\OpenServer\OSPanel\domains\omega-interior.loc\vendor\project\core\Router.php | Строка: 39
=================
[2020-05-24 21:25:19] Текст ошибки: Страница не найдена | Файл: C:\Programms\OpenServer\OSPanel\domains\omega-interior.loc\vendor\project\core\Router.php | Строка: 39
=================
[2020-05-24 21:25:19] Текст ошибки: Страница не найдена | Файл: C:\Programms\OpenServer\OSPanel\domains\omega-interior.loc\vendor\project\core\Router.php | Строка: 39
=================
[2020-05-24 21:25:19] Текст ошибки: Страница не найдена | Файл: C:\Programms\OpenServer\OSPanel\domains\omega-interior.loc\vendor\project\core\Router.php | Строка: 39
=================
[2020-05-24 21:25:19] Текст ошибки: Страница не найдена | Файл: C:\Programms\OpenServer\OSPanel\domains\omega-interior.loc\vendor\project\core\Router.php | Строка: 39
=================
[2020-05-24 21:25:19] Текст ошибки: Страница не найдена | Файл: C:\Programms\OpenServer\OSPanel\domains\omega-interior.loc\vendor\project\core\Router.php | Строка: 39
=================
[2020-05-24 21:25:19] Текст ошибки: Страница не найдена | Файл: C:\Programms\OpenServer\OSPanel\domains\omega-interior.loc\vendor\project\core\Router.php | Строка: 39
=================
[2020-05-24 21:25:19] Текст ошибки: Страница не найдена | Файл: C:\Programms\OpenServer\OSPanel\domains\omega-interior.loc\vendor\project\core\Router.php | Строка: 39
=================
[2020-05-24 21:25:19] Текст ошибки: Страница не найдена | Файл: C:\Programms\OpenServer\OSPanel\domains\omega-interior.loc\vendor\project\core\Router.php | Строка: 39
=================
[2020-05-24 21:25:19] Текст ошибки: Страница не найдена | Файл: C:\Programms\OpenServer\OSPanel\domains\omega-interior.loc\vendor\project\core\Router.php | Строка: 39
=================
[2020-05-24 21:30:05] Текст ошибки: syntax error, unexpected '?>' | Файл: C:\Programms\OpenServer\OSPanel\domains\omega-interior.loc\app\views\layouts\admin.php | Строка: 724
=================
[2020-05-24 21:31:25] Текст ошибки: Страница не найдена | Файл: C:\Programms\OpenServer\OSPanel\domains\omega-interior.loc\vendor\project\core\Router.php | Строка: 39
=================
[2020-05-24 21:36:55] Текст ошибки: Контроллер app\controllers\admin\LteController не найден | Файл: C:\Programms\OpenServer\OSPanel\domains\omega-interior.loc\vendor\project\core\Router.php | Строка: 36
=================
[2020-05-24 21:37:40] Текст ошибки: Страница не найдена | Файл: C:\Programms\OpenServer\OSPanel\domains\omega-interior.loc\vendor\project\core\Router.php | Строка: 39
=================
[2020-05-24 22:42:34] Текст ошибки: SQLSTATE[42S02]: Base table or view not found: 1146 Table 'omega_int.sq_m_price' doesn't exist | Файл: C:\Programms\OpenServer\OSPanel\domains\omega-interior.loc\vendor\gabordemooij\redbean\RedBeanPHP\Driver\RPDO.php | Строка: 194
=================
[2020-05-25 15:30:24] Текст ошибки: Страница не найдена | Файл: C:\Programms\OpenServer\OSPanel\domains\omega-interior.loc\vendor\project\core\Router.php | Строка: 39
=================
[2020-05-25 15:30:31] Текст ошибки: Страница не найдена | Файл: C:\Programms\OpenServer\OSPanel\domains\omega-interior.loc\vendor\project\core\Router.php | Строка: 39
=================
[2020-05-25 17:59:02] Текст ошибки: На найден вид C:\Programms\OpenServer\OSPanel\domains\omega-interior.loc/app/views/admin/User/login-admin.php | Файл: C:\Programms\OpenServer\OSPanel\domains\omega-interior.loc\vendor\project\core\base\View.php | Строка: 39
=================
[2020-05-25 19:56:38] Текст ошибки: SQLSTATE[42S22]: Column not found: 1054 Unknown column 'width' in 'field list' | Файл: C:\Programms\OpenServer\OSPanel\domains\omega-interior.loc\vendor\gabordemooij\redbean\RedBeanPHP\Driver\RPDO.php | Строка: 194
=================
[2020-05-25 19:58:14] Текст ошибки: Call to a member function count() on null | Файл: C:\Programms\OpenServer\OSPanel\domains\omega-interior.loc\vendor\gabordemooij\redbean\RedBeanPHP\Facade.php | Строка: 1753
=================
[2020-05-25 19:58:25] Текст ошибки: Call to a member function count() on null | Файл: C:\Programms\OpenServer\OSPanel\domains\omega-interior.loc\vendor\gabordemooij\redbean\RedBeanPHP\Facade.php | Строка: 1753
=================
[2020-05-25 19:58:26] Текст ошибки: Call to a member function count() on null | Файл: C:\Programms\OpenServer\OSPanel\domains\omega-interior.loc\vendor\gabordemooij\redbean\RedBeanPHP\Facade.php | Строка: 1753
=================
[2020-05-25 19:58:29] Текст ошибки: Call to a member function count() on null | Файл: C:\Programms\OpenServer\OSPanel\domains\omega-interior.loc\vendor\gabordemooij\redbean\RedBeanPHP\Facade.php | Строка: 1753
=================
[2020-05-25 19:58:58] Текст ошибки: Call to a member function count() on null | Файл: C:\Programms\OpenServer\OSPanel\domains\omega-interior.loc\vendor\gabordemooij\redbean\RedBeanPHP\Facade.php | Строка: 1753
=================
[2020-05-25 20:00:14] Текст ошибки: Call to a member function count() on null | Файл: C:\Programms\OpenServer\OSPanel\domains\omega-interior.loc\vendor\gabordemooij\redbean\RedBeanPHP\Facade.php | Строка: 1753
=================
[2020-05-25 20:00:15] Текст ошибки: Call to a member function count() on null | Файл: C:\Programms\OpenServer\OSPanel\domains\omega-interior.loc\vendor\gabordemooij\redbean\RedBeanPHP\Facade.php | Строка: 1753
=================
[2020-05-25 20:04:30] Текст ошибки: Class 'app\controllers\admin\AppModel' not found | Файл: C:\Programms\OpenServer\OSPanel\domains\omega-interior.loc\app\controllers\admin\AppController.php | Строка: 19
=================
[2020-05-25 20:33:00] Текст ошибки: Страница не найдена | Файл: C:\Programms\OpenServer\OSPanel\domains\omega-interior.loc\app\controllers\admin\AppController.php | Строка: 30
=================
[2020-05-25 20:34:56] Текст ошибки: SQLSTATE[42S02]: Base table or view not found: 1146 Table 'omega_int.request' doesn't exist | Файл: C:\Programms\OpenServer\OSPanel\domains\omega-interior.loc\vendor\gabordemooij\redbean\RedBeanPHP\Driver\RPDO.php | Строка: 194
=================
[2020-05-25 20:35:47] Текст ошибки: Страница не найдена | Файл: C:\Programms\OpenServer\OSPanel\domains\omega-interior.loc\app\controllers\admin\RequestController.php | Строка: 25
=================
[2020-05-25 20:36:56] Текст ошибки: Страница не найдена | Файл: C:\Programms\OpenServer\OSPanel\domains\omega-interior.loc\app\controllers\admin\RequestController.php | Строка: 25
=================
[2020-05-25 20:37:45] Текст ошибки: Страница не найдена | Файл: C:\Programms\OpenServer\OSPanel\domains\omega-interior.loc\app\controllers\admin\RequestController.php | Строка: 25
=================
[2020-05-25 20:38:23] Текст ошибки: Страница не найдена | Файл: C:\Programms\OpenServer\OSPanel\domains\omega-interior.loc\app\controllers\admin\RequestController.php | Строка: 26
=================
[2020-05-25 20:39:42] Текст ошибки: Страница не найдена | Файл: C:\Programms\OpenServer\OSPanel\domains\omega-interior.loc\app\controllers\admin\RequestController.php | Строка: 26
=================
[2020-05-25 20:39:46] Текст ошибки: Страница не найдена | Файл: C:\Programms\OpenServer\OSPanel\domains\omega-interior.loc\app\controllers\admin\AppController.php | Строка: 30
=================
[2020-05-25 20:39:54] Текст ошибки: Страница не найдена | Файл: C:\Programms\OpenServer\OSPanel\domains\omega-interior.loc\app\controllers\admin\AppController.php | Строка: 30
=================
[2020-05-25 20:39:58] Текст ошибки: Страница не найдена | Файл: C:\Programms\OpenServer\OSPanel\domains\omega-interior.loc\app\controllers\admin\RequestController.php | Строка: 26
=================
[2020-05-25 20:41:07] Текст ошибки: Метод app\controllers\admin\RequestController::viewAction не найден | Файл: C:\Programms\OpenServer\OSPanel\domains\omega-interior.loc\vendor\project\core\Router.php | Строка: 33
=================
[2020-05-25 20:41:25] Текст ошибки: Страница не найдена | Файл: C:\Programms\OpenServer\OSPanel\domains\omega-interior.loc\app\controllers\admin\RequestController.php | Строка: 26
=================
[2020-05-25 20:48:48] Текст ошибки: Страница не найдена | Файл: C:\Programms\OpenServer\OSPanel\domains\omega-interior.loc\app\controllers\admin\RequestController.php | Строка: 26
=================
[2020-05-25 22:14:30] Текст ошибки: Метод app\controllers\admin\RequestController::paintingAction не найден | Файл: C:\Programms\OpenServer\OSPanel\domains\omega-interior.loc\vendor\project\core\Router.php | Строка: 33
=================
[2020-05-25 22:17:42] Текст ошибки: SQLSTATE[HY000]: General error: 1364 Field 'name' doesn't have a default value | Файл: C:\Programms\OpenServer\OSPanel\domains\omega-interior.loc\vendor\gabordemooij\redbean\RedBeanPHP\Driver\RPDO.php | Строка: 194
=================
[2020-05-25 22:18:28] Текст ошибки: SQLSTATE[HY000]: General error: 1364 Field 'name' doesn't have a default value | Файл: C:\Programms\OpenServer\OSPanel\domains\omega-interior.loc\vendor\gabordemooij\redbean\RedBeanPHP\Driver\RPDO.php | Строка: 194
=================
[2020-05-25 23:21:54] Текст ошибки: syntax error, unexpected 'endif' (T_ENDIF) | Файл: C:\Programms\OpenServer\OSPanel\domains\omega-interior.loc\app\views\admin\Request\index.php | Строка: 33
=================
[2020-05-25 23:22:00] Текст ошибки: syntax error, unexpected 'endif' (T_ENDIF) | Файл: C:\Programms\OpenServer\OSPanel\domains\omega-interior.loc\app\views\admin\Request\index.php | Строка: 33
=================
[2020-05-26 00:03:24] Текст ошибки: Контроллер app\controllers\admin\LteController не найден | Файл: C:\Programms\OpenServer\OSPanel\domains\omega-interior.loc\vendor\project\core\Router.php | Строка: 36
=================
[2020-05-26 00:04:12] Текст ошибки: Метод app\controllers\admin\JalousieController::indexAction не найден | Файл: C:\Programms\OpenServer\OSPanel\domains\omega-interior.loc\vendor\project\core\Router.php | Строка: 33
=================
[2020-05-26 00:17:35] Текст ошибки: Страница не найдена | Файл: C:\Programms\OpenServer\OSPanel\domains\omega-interior.loc\app\controllers\admin\DoorsOakController.php | Строка: 21
=================
[2020-05-26 00:17:50] Текст ошибки: На найден вид C:\Programms\OpenServer\OSPanel\domains\omega-interior.loc/app/views/admin/DoorsOak/edit.php | Файл: C:\Programms\OpenServer\OSPanel\domains\omega-interior.loc\vendor\project\core\base\View.php | Строка: 39
=================
[2020-05-26 00:18:43] Текст ошибки: Class 'app\widgets\menu\Menu' not found | Файл: C:\Programms\OpenServer\OSPanel\domains\omega-interior.loc\app\views\admin\DoorsOak\edit.php | Строка: 28
=================
[2020-05-26 00:19:49] Текст ошибки: SQLSTATE[42S02]: Base table or view not found: 1146 Table 'omega_int.product' doesn't exist | Файл: C:\Programms\OpenServer\OSPanel\domains\omega-interior.loc\vendor\gabordemooij\redbean\RedBeanPHP\Driver\RPDO.php | Строка: 194
=================
[2020-05-26 00:20:53] Текст ошибки: Class 'app\widgets\menu\Menu' not found | Файл: C:\Programms\OpenServer\OSPanel\domains\omega-interior.loc\app\views\admin\DoorsOak\edit.php | Строка: 28
=================
[2020-05-26 00:21:15] Текст ошибки: Class 'app\widgets\menu\Menu' not found | Файл: C:\Programms\OpenServer\OSPanel\domains\omega-interior.loc\app\views\admin\DoorsOak\edit.php | Строка: 16
=================
[2020-05-26 00:21:49] Текст ошибки: Class 'app\widgets\filter\Filter' not found | Файл: C:\Programms\OpenServer\OSPanel\domains\omega-interior.loc\app\views\admin\DoorsOak\edit.php | Строка: 54
=================
[2020-05-26 00:24:18] Текст ошибки: Class 'app\widgets\filter\Filter' not found | Файл: C:\Programms\OpenServer\OSPanel\domains\omega-interior.loc\app\views\admin\DoorsOak\edit.php | Строка: 59
=================
[2020-05-26 00:24:36] Текст ошибки: Class 'app\widgets\filter\Filter' not found | Файл: C:\Programms\OpenServer\OSPanel\domains\omega-interior.loc\app\views\admin\DoorsOak\edit.php | Строка: 57
=================
[2020-05-26 00:24:50] Текст ошибки: Страница не найдена | Файл: C:\Programms\OpenServer\OSPanel\domains\omega-interior.loc\vendor\project\core\Router.php | Строка: 39
=================
[2020-05-26 00:26:08] Текст ошибки: Страница не найдена | Файл: C:\Programms\OpenServer\OSPanel\domains\omega-interior.loc\vendor\project\core\Router.php | Строка: 39
=================
[2020-05-26 00:26:48] Текст ошибки: Страница не найдена | Файл: C:\Programms\OpenServer\OSPanel\domains\omega-interior.loc\vendor\project\core\Router.php | Строка: 39
=================
[2020-05-26 00:27:42] Текст ошибки: Страница не найдена | Файл: C:\Programms\OpenServer\OSPanel\domains\omega-interior.loc\vendor\project\core\Router.php | Строка: 39
=================
[2020-05-26 00:27:54] Текст ошибки: Страница не найдена | Файл: C:\Programms\OpenServer\OSPanel\domains\omega-interior.loc\vendor\project\core\Router.php | Строка: 39
=================
[2020-05-26 00:28:53] Текст ошибки: Страница не найдена | Файл: C:\Programms\OpenServer\OSPanel\domains\omega-interior.loc\vendor\project\core\Router.php | Строка: 39
=================
[2020-05-26 00:30:09] Текст ошибки: Страница не найдена | Файл: C:\Programms\OpenServer\OSPanel\domains\omega-interior.loc\vendor\project\core\Router.php | Строка: 39
=================
[2020-05-26 00:30:21] Текст ошибки: Страница не найдена | Файл: C:\Programms\OpenServer\OSPanel\domains\omega-interior.loc\vendor\project\core\Router.php | Строка: 39
=================
[2020-05-26 00:30:27] Текст ошибки: Страница не найдена | Файл: C:\Programms\OpenServer\OSPanel\domains\omega-interior.loc\vendor\project\core\Router.php | Строка: 39
=================
[2020-05-26 00:32:42] Текст ошибки: Страница не найдена | Файл: C:\Programms\OpenServer\OSPanel\domains\omega-interior.loc\vendor\project\core\Router.php | Строка: 39
=================
[2020-05-26 00:33:06] Текст ошибки: Страница не найдена | Файл: C:\Programms\OpenServer\OSPanel\domains\omega-interior.loc\vendor\project\core\Router.php | Строка: 39
=================
[2020-05-26 00:36:41] Текст ошибки: Страница не найдена | Файл: C:\Programms\OpenServer\OSPanel\domains\omega-interior.loc\vendor\project\core\Router.php | Строка: 39
=================
[2020-05-26 00:37:44] Текст ошибки: Страница не найдена | Файл: C:\Programms\OpenServer\OSPanel\domains\omega-interior.loc\vendor\project\core\Router.php | Строка: 39
=================
[2020-05-26 00:46:04] Текст ошибки: Страница не найдена | Файл: C:\Programms\OpenServer\OSPanel\domains\omega-interior.loc\app\controllers\admin\AppController.php | Строка: 30
=================
[2020-05-26 00:46:24] Текст ошибки: Страница не найдена | Файл: C:\Programms\OpenServer\OSPanel\domains\omega-interior.loc\app\controllers\admin\AppController.php | Строка: 30
=================
[2020-05-26 14:39:12] Текст ошибки: Страница не найдена | Файл: C:\Programms\OpenServer\OSPanel\domains\omega-interior.loc\vendor\project\core\Router.php | Строка: 39
=================
[2020-05-26 15:03:02] Текст ошибки: Страница не найдена | Файл: C:\Programms\OpenServer\OSPanel\domains\omega-interior.loc\app\controllers\DoorsOakController.php | Строка: 26
=================
[2020-05-26 15:03:05] Текст ошибки: Страница не найдена | Файл: C:\Programms\OpenServer\OSPanel\domains\omega-interior.loc\app\controllers\DoorsOakController.php | Строка: 26
=================
[2020-05-26 17:07:49] Текст ошибки: Контроллер app\controllers\admin\PaintingMdfController не найден | Файл: C:\Programms\OpenServer\OSPanel\domains\omega-interior.loc\vendor\project\core\Router.php | Строка: 36
=================
[2020-05-26 17:07:55] Текст ошибки: Контроллер app\controllers\admin\PaintingMdfController не найден | Файл: C:\Programms\OpenServer\OSPanel\domains\omega-interior.loc\vendor\project\core\Router.php | Строка: 36
=================
[2020-05-26 17:08:10] Текст ошибки: Контроллер app\controllers\admin\ServiceController не найден | Файл: C:\Programms\OpenServer\OSPanel\domains\omega-interior.loc\vendor\project\core\Router.php | Строка: 36
=================
[2020-05-26 17:08:31] Текст ошибки: Метод app\controllers\admin\ServicesController::paintingMdfAction не найден | Файл: C:\Programms\OpenServer\OSPanel\domains\omega-interior.loc\vendor\project\core\Router.php | Строка: 33
=================
[2020-05-26 17:12:50] Текст ошибки: Страница не найдена | Файл: C:\Programms\OpenServer\OSPanel\domains\omega-interior.loc\app\controllers\admin\ServicesController.php | Строка: 43
=================
[2020-05-26 17:12:52] Текст ошибки: Страница не найдена | Файл: C:\Programms\OpenServer\OSPanel\domains\omega-interior.loc\app\controllers\admin\ServicesController.php | Строка: 43
=================
[2020-05-26 17:20:49] Текст ошибки: Call to undefined method app\models\admin\ServicePrices::load() | Файл: C:\Programms\OpenServer\OSPanel\domains\omega-interior.loc\app\controllers\admin\ServicesController.php | Строка: 24
=================
[2020-05-26 17:22:50] Текст ошибки: SQLSTATE[22007]: Invalid datetime format: 1366 Incorrect integer value: '' for column `omega_int`.`services_prices`.`service_id` at row 1 | Файл: C:\Programms\OpenServer\OSPanel\domains\omega-interior.loc\vendor\gabordemooij\redbean\RedBeanPHP\Driver\RPDO.php | Строка: 194
=================
[2020-05-26 17:23:05] Текст ошибки: SQLSTATE[22007]: Invalid datetime format: 1366 Incorrect integer value: '' for column `omega_int`.`services_prices`.`service_id` at row 1 | Файл: C:\Programms\OpenServer\OSPanel\domains\omega-interior.loc\vendor\gabordemooij\redbean\RedBeanPHP\Driver\RPDO.php | Строка: 194
=================
[2020-06-12 16:56:45] Текст ошибки: Страница не найдена | Файл: C:\Programms\OpenServer\OSPanel\domains\omega-interior.loc\vendor\project\core\Router.php | Строка: 39
=================
[2020-06-12 16:56:45] Текст ошибки: Страница не найдена | Файл: C:\Programms\OpenServer\OSPanel\domains\omega-interior.loc\vendor\project\core\Router.php | Строка: 39
=================
[2020-06-12 16:56:45] Текст ошибки: Страница не найдена | Файл: C:\Programms\OpenServer\OSPanel\domains\omega-interior.loc\vendor\project\core\Router.php | Строка: 39
=================
[2020-06-12 16:56:45] Текст ошибки: Страница не найдена | Файл: C:\Programms\OpenServer\OSPanel\domains\omega-interior.loc\vendor\project\core\Router.php | Строка: 39
=================
[2020-06-12 16:56:45] Текст ошибки: Страница не найдена | Файл: C:\Programms\OpenServer\OSPanel\domains\omega-interior.loc\vendor\project\core\Router.php | Строка: 39
=================
[2020-06-12 16:56:45] Текст ошибки: Страница не найдена | Файл: C:\Programms\OpenServer\OSPanel\domains\omega-interior.loc\vendor\project\core\Router.php | Строка: 39
=================
[2020-06-12 16:56:45] Текст ошибки: Страница не найдена | Файл: C:\Programms\OpenServer\OSPanel\domains\omega-interior.loc\vendor\project\core\Router.php | Строка: 39
=================
[2020-06-12 16:56:45] Текст ошибки: Страница не найдена | Файл: C:\Programms\OpenServer\OSPanel\domains\omega-interior.loc\vendor\project\core\Router.php | Строка: 39
=================
[2020-06-12 16:56:45] Текст ошибки: Страница не найдена | Файл: C:\Programms\OpenServer\OSPanel\domains\omega-interior.loc\vendor\project\core\Router.php | Строка: 39
=================
[2020-06-12 16:56:45] Текст ошибки: Страница не найдена | Файл: C:\Programms\OpenServer\OSPanel\domains\omega-interior.loc\vendor\project\core\Router.php | Строка: 39
=================
[2020-06-12 16:56:45] Текст ошибки: Страница не найдена | Файл: C:\Programms\OpenServer\OSPanel\domains\omega-interior.loc\vendor\project\core\Router.php | Строка: 39
=================
[2020-06-12 16:56:45] Текст ошибки: Страница не найдена | Файл: C:\Programms\OpenServer\OSPanel\domains\omega-interior.loc\vendor\project\core\Router.php | Строка: 39
=================
[2020-06-12 16:56:45] Текст ошибки: Страница не найдена | Файл: C:\Programms\OpenServer\OSPanel\domains\omega-interior.loc\vendor\project\core\Router.php | Строка: 39
=================
[2020-06-12 16:56:45] Текст ошибки: Страница не найдена | Файл: C:\Programms\OpenServer\OSPanel\domains\omega-interior.loc\vendor\project\core\Router.php | Строка: 39
=================
[2020-06-12 16:56:45] Текст ошибки: Страница не найдена | Файл: C:\Programms\OpenServer\OSPanel\domains\omega-interior.loc\vendor\project\core\Router.php | Строка: 39
=================
[2020-06-12 16:56:45] Текст ошибки: Страница не найдена | Файл: C:\Programms\OpenServer\OSPanel\domains\omega-interior.loc\vendor\project\core\Router.php | Строка: 39
=================
[2020-06-12 16:56:45] Текст ошибки: Страница не найдена | Файл: C:\Programms\OpenServer\OSPanel\domains\omega-interior.loc\vendor\project\core\Router.php | Строка: 39
=================
[2020-06-12 18:49:55] Текст ошибки: Invalid type: doors_oak | Файл: C:\Programms\OpenServer\OSPanel\domains\omega-interior.loc\vendor\gabordemooij\redbean\RedBeanPHP\Util\DispenseHelper.php | Строка: 77
=================
[2020-06-12 18:49:55] Текст ошибки: Страница не найдена | Файл: C:\Programms\OpenServer\OSPanel\domains\omega-interior.loc\vendor\project\core\Router.php | Строка: 39
=================
[2020-06-12 18:51:08] Текст ошибки: Invalid type: doors_oak | Файл: C:\Programms\OpenServer\OSPanel\domains\omega-interior.loc\vendor\gabordemooij\redbean\RedBeanPHP\Util\DispenseHelper.php | Строка: 77
=================
[2020-06-12 18:52:24] Текст ошибки: Invalid type: doors_oak | Файл: C:\Programms\OpenServer\OSPanel\domains\omega-interior.loc\vendor\gabordemooij\redbean\RedBeanPHP\Util\DispenseHelper.php | Строка: 77
=================
[2020-06-12 18:55:05] Текст ошибки: Invalid type: doors_oak | Файл: C:\Programms\OpenServer\OSPanel\domains\omega-interior.loc\vendor\gabordemooij\redbean\RedBeanPHP\Util\DispenseHelper.php | Строка: 77
=================
[2020-06-12 18:55:21] Текст ошибки: Invalid type: doors_oak | Файл: C:\Programms\OpenServer\OSPanel\domains\omega-interior.loc\vendor\gabordemooij\redbean\RedBeanPHP\Util\DispenseHelper.php | Строка: 77
=================
[2020-06-12 19:00:58] Текст ошибки: Invalid type: doors_oak | Файл: C:\Programms\OpenServer\OSPanel\domains\omega-interior.loc\vendor\gabordemooij\redbean\RedBeanPHP\Util\DispenseHelper.php | Строка: 77
=================
[2020-06-12 19:03:16] Текст ошибки: Invalid type: doors_oak | Файл: C:\Programms\OpenServer\OSPanel\domains\omega-interior.loc\vendor\gabordemooij\redbean\RedBeanPHP\Util\DispenseHelper.php | Строка: 77
=================
[2020-06-12 19:08:10] Текст ошибки: SQLSTATE[HY000]: General error: 1364 Field 'img' doesn't have a default value | Файл: C:\Programms\OpenServer\OSPanel\domains\omega-interior.loc\vendor\gabordemooij\redbean\RedBeanPHP\Driver\RPDO.php | Строка: 194
=================
[2020-06-12 19:08:37] Текст ошибки: SQLSTATE[HY000]: General error: 1364 Field 'img' doesn't have a default value | Файл: C:\Programms\OpenServer\OSPanel\domains\omega-interior.loc\vendor\gabordemooij\redbean\RedBeanPHP\Driver\RPDO.php | Строка: 194
=================
[2020-06-12 19:09:33] Текст ошибки: SQLSTATE[HY000]: General error: 1364 Field 'img' doesn't have a default value | Файл: C:\Programms\OpenServer\OSPanel\domains\omega-interior.loc\vendor\gabordemooij\redbean\RedBeanPHP\Driver\RPDO.php | Строка: 194
=================
[2020-06-12 19:30:22] Текст ошибки: SQLSTATE[HY000]: General error: 1364 Field 'img' doesn't have a default value | Файл: C:\Programms\OpenServer\OSPanel\domains\omega-interior.loc\vendor\gabordemooij\redbean\RedBeanPHP\Driver\RPDO.php | Строка: 194
=================
[2020-06-12 19:35:58] Текст ошибки: Страница не найдена | Файл: C:\Programms\OpenServer\OSPanel\domains\omega-interior.loc\vendor\project\core\Router.php | Строка: 39
=================
[2020-06-12 19:35:58] Текст ошибки: Страница не найдена | Файл: C:\Programms\OpenServer\OSPanel\domains\omega-interior.loc\vendor\project\core\Router.php | Строка: 39
=================
[2020-06-12 19:35:58] Текст ошибки: Страница не найдена | Файл: C:\Programms\OpenServer\OSPanel\domains\omega-interior.loc\vendor\project\core\Router.php | Строка: 39
=================
[2020-06-12 19:35:58] Текст ошибки: Страница не найдена | Файл: C:\Programms\OpenServer\OSPanel\domains\omega-interior.loc\vendor\project\core\Router.php | Строка: 39
=================
[2020-06-12 19:35:58] Текст ошибки: Страница не найдена | Файл: C:\Programms\OpenServer\OSPanel\domains\omega-interior.loc\vendor\project\core\Router.php | Строка: 39
=================
[2020-06-12 19:35:58] Текст ошибки: Страница не найдена | Файл: C:\Programms\OpenServer\OSPanel\domains\omega-interior.loc\vendor\project\core\Router.php | Строка: 39
=================
[2020-06-12 19:35:58] Текст ошибки: Страница не найдена | Файл: C:\Programms\OpenServer\OSPanel\domains\omega-interior.loc\vendor\project\core\Router.php | Строка: 39
=================
[2020-06-12 19:35:58] Текст ошибки: Страница не найдена | Файл: C:\Programms\OpenServer\OSPanel\domains\omega-interior.loc\vendor\project\core\Router.php | Строка: 39
=================
[2020-06-12 19:35:58] Текст ошибки: Страница не найдена | Файл: C:\Programms\OpenServer\OSPanel\domains\omega-interior.loc\vendor\project\core\Router.php | Строка: 39
=================
[2020-06-12 19:35:58] Текст ошибки: Страница не найдена | Файл: C:\Programms\OpenServer\OSPanel\domains\omega-interior.loc\vendor\project\core\Router.php | Строка: 39
=================
[2020-06-12 19:35:58] Текст ошибки: Страница не найдена | Файл: C:\Programms\OpenServer\OSPanel\domains\omega-interior.loc\vendor\project\core\Router.php | Строка: 39
=================
[2020-06-12 19:35:58] Текст ошибки: Страница не найдена | Файл: C:\Programms\OpenServer\OSPanel\domains\omega-interior.loc\vendor\project\core\Router.php | Строка: 39
=================
[2020-06-12 19:35:58] Текст ошибки: Страница не найдена | Файл: C:\Programms\OpenServer\OSPanel\domains\omega-interior.loc\vendor\project\core\Router.php | Строка: 39
=================
[2020-06-12 19:35:58] Текст ошибки: Страница не найдена | Файл: C:\Programms\OpenServer\OSPanel\domains\omega-interior.loc\vendor\project\core\Router.php | Строка: 39
=================
[2020-06-12 19:35:58] Текст ошибки: Страница не найдена | Файл: C:\Programms\OpenServer\OSPanel\domains\omega-interior.loc\vendor\project\core\Router.php | Строка: 39
=================
[2020-06-12 19:35:58] Текст ошибки: Страница не найдена | Файл: C:\Programms\OpenServer\OSPanel\domains\omega-interior.loc\vendor\project\core\Router.php | Строка: 39
=================
[2020-06-12 19:36:32] Текст ошибки: Страница не найдена | Файл: C:\Programms\OpenServer\OSPanel\domains\omega-interior.loc\vendor\project\core\Router.php | Строка: 39
=================
